::1 - - [01/Aug/2020:20:27:03 +0000] "GET / HTTP/1.1" 200 - "-" "Mozilla/5.0 (Windows NT 10.0; Win64; x64; rv:78.0) Gecko/20100101 Firefox/78.0"
::ffff:127.0.0.1 - - [01/Aug/2020:20:27:03 +0000] "GET /css/product.css HTTP/1.1" 200 379 "http://localhost:3000/" "Mozilla/5.0 (Windows NT 10.0; Win64; x64; rv:78.0) Gecko/20100101 Firefox/78.0"
::1 - - [01/Aug/2020:20:27:03 +0000] "GET /css/main.css HTTP/1.1" 200 - "http://localhost:3000/" "Mozilla/5.0 (Windows NT 10.0; Win64; x64; rv:78.0) Gecko/20100101 Firefox/78.0"
::ffff:127.0.0.1 - - [01/Aug/2020:20:27:03 +0000] "GET /js/main.js HTTP/1.1" 200 519 "http://localhost:3000/" "Mozilla/5.0 (Windows NT 10.0; Win64; x64; rv:78.0) Gecko/20100101 Firefox/78.0"
::ffff:127.0.0.1 - - [01/Aug/2020:20:27:04 +0000] "GET /images/1596253184992-iphone11.jpg HTTP/1.1" 404 - "http://localhost:3000/" "Mozilla/5.0 (Windows NT 10.0; Win64; x64; rv:78.0) Gecko/20100101 Firefox/78.0"
::1 - - [01/Aug/2020:20:27:04 +0000] "GET /images/1596254623083-airpods_pro.jpg HTTP/1.1" 404 - "http://localhost:3000/" "Mozilla/5.0 (Windows NT 10.0; Win64; x64; rv:78.0) Gecko/20100101 Firefox/78.0"
::ffff:127.0.0.1 - - [01/Aug/2020:20:27:06 +0000] "GET /favicon.ico HTTP/1.1" 404 - "-" "Mozilla/5.0 (Windows NT 10.0; Win64; x64; rv:78.0) Gecko/20100101 Firefox/78.0"
::ffff:127.0.0.1 - - [01/Aug/2020:20:27:11 +0000] "GET /signup HTTP/1.1" 200 - "http://localhost:3000/" "Mozilla/5.0 (Windows NT 10.0; Win64; x64; rv:78.0) Gecko/20100101 Firefox/78.0"
::ffff:127.0.0.1 - - [01/Aug/2020:20:27:11 +0000] "GET /css/forms.css HTTP/1.1" 200 454 "http://localhost:3000/signup" "Mozilla/5.0 (Windows NT 10.0; Win64; x64; rv:78.0) Gecko/20100101 Firefox/78.0"
::ffff:127.0.0.1 - - [01/Aug/2020:20:27:11 +0000] "GET /css/auth.css HTTP/1.1" 200 84 "http://localhost:3000/signup" "Mozilla/5.0 (Windows NT 10.0; Win64; x64; rv:78.0) Gecko/20100101 Firefox/78.0"
::ffff:127.0.0.1 - - [01/Aug/2020:20:27:11 +0000] "GET /js/main.js HTTP/1.1" 200 519 "http://localhost:3000/signup" "Mozilla/5.0 (Windows NT 10.0; Win64; x64; rv:78.0) Gecko/20100101 Firefox/78.0"
::ffff:127.0.0.1 - - [01/Aug/2020:20:27:11 +0000] "GET /css/main.css HTTP/1.1" 200 - "http://localhost:3000/signup" "Mozilla/5.0 (Windows NT 10.0; Win64; x64; rv:78.0) Gecko/20100101 Firefox/78.0"
::ffff:127.0.0.1 - - [01/Aug/2020:20:27:12 +0000] "GET /favicon.ico HTTP/1.1" 404 - "-" "Mozilla/5.0 (Windows NT 10.0; Win64; x64; rv:78.0) Gecko/20100101 Firefox/78.0"
::ffff:127.0.0.1 - - [01/Aug/2020:20:27:15 +0000] "GET /login HTTP/1.1" 200 - "http://localhost:3000/signup" "Mozilla/5.0 (Windows NT 10.0; Win64; x64; rv:78.0) Gecko/20100101 Firefox/78.0"
::ffff:127.0.0.1 - - [01/Aug/2020:20:27:15 +0000] "GET /css/forms.css HTTP/1.1" 200 454 "http://localhost:3000/login" "Mozilla/5.0 (Windows NT 10.0; Win64; x64; rv:78.0) Gecko/20100101 Firefox/78.0"
::ffff:127.0.0.1 - - [01/Aug/2020:20:27:15 +0000] "GET /css/auth.css HTTP/1.1" 200 84 "http://localhost:3000/login" "Mozilla/5.0 (Windows NT 10.0; Win64; x64; rv:78.0) Gecko/20100101 Firefox/78.0"
::ffff:127.0.0.1 - - [01/Aug/2020:20:27:15 +0000] "GET /js/main.js HTTP/1.1" 200 519 "http://localhost:3000/login" "Mozilla/5.0 (Windows NT 10.0; Win64; x64; rv:78.0) Gecko/20100101 Firefox/78.0"
::ffff:127.0.0.1 - - [01/Aug/2020:20:27:15 +0000] "GET /css/main.css HTTP/1.1" 200 - "http://localhost:3000/login" "Mozilla/5.0 (Windows NT 10.0; Win64; x64; rv:78.0) Gecko/20100101 Firefox/78.0"
::ffff:127.0.0.1 - - [01/Aug/2020:20:27:16 +0000] "GET /favicon.ico HTTP/1.1" 404 - "-" "Mozilla/5.0 (Windows NT 10.0; Win64; x64; rv:78.0) Gecko/20100101 Firefox/78.0"
::ffff:127.0.0.1 - - [01/Aug/2020:20:27:27 +0000] "POST /login HTTP/1.1" 422 - "http://localhost:3000/login" "Mozilla/5.0 (Windows NT 10.0; Win64; x64; rv:78.0) Gecko/20100101 Firefox/78.0"
::ffff:127.0.0.1 - - [01/Aug/2020:20:27:27 +0000] "GET /css/forms.css HTTP/1.1" 200 454 "http://localhost:3000/login" "Mozilla/5.0 (Windows NT 10.0; Win64; x64; rv:78.0) Gecko/20100101 Firefox/78.0"
::ffff:127.0.0.1 - - [01/Aug/2020:20:27:27 +0000] "GET /css/main.css HTTP/1.1" 200 - "http://localhost:3000/login" "Mozilla/5.0 (Windows NT 10.0; Win64; x64; rv:78.0) Gecko/20100101 Firefox/78.0"
::ffff:127.0.0.1 - - [01/Aug/2020:20:27:27 +0000] "GET /css/auth.css HTTP/1.1" 200 84 "http://localhost:3000/login" "Mozilla/5.0 (Windows NT 10.0; Win64; x64; rv:78.0) Gecko/20100101 Firefox/78.0"
::ffff:127.0.0.1 - - [01/Aug/2020:20:27:27 +0000] "GET /js/main.js HTTP/1.1" 200 519 "http://localhost:3000/login" "Mozilla/5.0 (Windows NT 10.0; Win64; x64; rv:78.0) Gecko/20100101 Firefox/78.0"
::ffff:127.0.0.1 - - [01/Aug/2020:20:27:27 +0000] "GET /favicon.ico HTTP/1.1" 404 - "-" "Mozilla/5.0 (Windows NT 10.0; Win64; x64; rv:78.0) Gecko/20100101 Firefox/78.0"
::ffff:127.0.0.1 - - [01/Aug/2020:20:27:35 +0000] "POST /login HTTP/1.1" 302 46 "http://localhost:3000/login" "Mozilla/5.0 (Windows NT 10.0; Win64; x64; rv:78.0) Gecko/20100101 Firefox/78.0"
::ffff:127.0.0.1 - - [01/Aug/2020:20:27:35 +0000] "GET / HTTP/1.1" 200 - "http://localhost:3000/login" "Mozilla/5.0 (Windows NT 10.0; Win64; x64; rv:78.0) Gecko/20100101 Firefox/78.0"
::ffff:127.0.0.1 - - [01/Aug/2020:20:27:35 +0000] "GET /css/product.css HTTP/1.1" 200 379 "http://localhost:3000/" "Mozilla/5.0 (Windows NT 10.0; Win64; x64; rv:78.0) Gecko/20100101 Firefox/78.0"
::ffff:127.0.0.1 - - [01/Aug/2020:20:27:35 +0000] "GET /css/main.css HTTP/1.1" 200 - "http://localhost:3000/" "Mozilla/5.0 (Windows NT 10.0; Win64; x64; rv:78.0) Gecko/20100101 Firefox/78.0"
::ffff:127.0.0.1 - - [01/Aug/2020:20:27:35 +0000] "GET /js/main.js HTTP/1.1" 200 519 "http://localhost:3000/" "Mozilla/5.0 (Windows NT 10.0; Win64; x64; rv:78.0) Gecko/20100101 Firefox/78.0"
::ffff:127.0.0.1 - - [01/Aug/2020:20:27:35 +0000] "GET /images/1596253184992-iphone11.jpg HTTP/1.1" 404 - "http://localhost:3000/" "Mozilla/5.0 (Windows NT 10.0; Win64; x64; rv:78.0) Gecko/20100101 Firefox/78.0"
::ffff:127.0.0.1 - - [01/Aug/2020:20:27:35 +0000] "GET /images/1596254623083-airpods_pro.jpg HTTP/1.1" 404 - "http://localhost:3000/" "Mozilla/5.0 (Windows NT 10.0; Win64; x64; rv:78.0) Gecko/20100101 Firefox/78.0"
::ffff:127.0.0.1 - - [01/Aug/2020:20:27:35 +0000] "GET /favicon.ico HTTP/1.1" 404 - "-" "Mozilla/5.0 (Windows NT 10.0; Win64; x64; rv:78.0) Gecko/20100101 Firefox/78.0"
::ffff:127.0.0.1 - - [01/Aug/2020:20:27:38 +0000] "GET /admin/add-product HTTP/1.1" 200 - "http://localhost:3000/" "Mozilla/5.0 (Windows NT 10.0; Win64; x64; rv:78.0) Gecko/20100101 Firefox/78.0"
::ffff:127.0.0.1 - - [01/Aug/2020:20:27:38 +0000] "GET /css/forms.css HTTP/1.1" 200 454 "http://localhost:3000/admin/add-product" "Mozilla/5.0 (Windows NT 10.0; Win64; x64; rv:78.0) Gecko/20100101 Firefox/78.0"
::ffff:127.0.0.1 - - [01/Aug/2020:20:27:38 +0000] "GET /css/product.css HTTP/1.1" 200 379 "http://localhost:3000/admin/add-product" "Mozilla/5.0 (Windows NT 10.0; Win64; x64; rv:78.0) Gecko/20100101 Firefox/78.0"
::ffff:127.0.0.1 - - [01/Aug/2020:20:27:38 +0000] "GET /js/main.js HTTP/1.1" 200 519 "http://localhost:3000/admin/add-product" "Mozilla/5.0 (Windows NT 10.0; Win64; x64; rv:78.0) Gecko/20100101 Firefox/78.0"
::ffff:127.0.0.1 - - [01/Aug/2020:20:27:38 +0000] "GET /css/main.css HTTP/1.1" 200 - "http://localhost:3000/admin/add-product" "Mozilla/5.0 (Windows NT 10.0; Win64; x64; rv:78.0) Gecko/20100101 Firefox/78.0"
::ffff:127.0.0.1 - - [01/Aug/2020:20:27:38 +0000] "GET /favicon.ico HTTP/1.1" 404 - "-" "Mozilla/5.0 (Windows NT 10.0; Win64; x64; rv:78.0) Gecko/20100101 Firefox/78.0"
::ffff:127.0.0.1 - - [01/Aug/2020:20:28:32 +0000] "POST /admin/add-product HTTP/1.1" 500 - "http://localhost:3000/admin/add-product" "Mozilla/5.0 (Windows NT 10.0; Win64; x64; rv:78.0) Gecko/20100101 Firefox/78.0"
::ffff:127.0.0.1 - - [01/Aug/2020:20:28:40 +0000] "GET /favicon.ico HTTP/1.1" 404 - "-" "Mozilla/5.0 (Windows NT 10.0; Win64; x64; rv:78.0) Gecko/20100101 Firefox/78.0"
::1 - - [01/Aug/2020:20:34:03 +0000] "GET / HTTP/1.1" 200 - "-" "Mozilla/5.0 (Windows NT 10.0; Win64; x64; rv:78.0) Gecko/20100101 Firefox/78.0"
::1 - - [01/Aug/2020:20:34:03 +0000] "GET /css/product.css HTTP/1.1" 200 379 "http://localhost:3000/" "Mozilla/5.0 (Windows NT 10.0; Win64; x64; rv:78.0) Gecko/20100101 Firefox/78.0"
::1 - - [01/Aug/2020:20:34:03 +0000] "GET /js/main.js HTTP/1.1" 200 519 "http://localhost:3000/" "Mozilla/5.0 (Windows NT 10.0; Win64; x64; rv:78.0) Gecko/20100101 Firefox/78.0"
::1 - - [01/Aug/2020:20:34:03 +0000] "GET /css/main.css HTTP/1.1" 200 - "http://localhost:3000/" "Mozilla/5.0 (Windows NT 10.0; Win64; x64; rv:78.0) Gecko/20100101 Firefox/78.0"
::1 - - [01/Aug/2020:20:34:03 +0000] "GET /images/1596253184992-iphone11.jpg HTTP/1.1" 200 4496 "http://localhost:3000/" "Mozilla/5.0 (Windows NT 10.0; Win64; x64; rv:78.0) Gecko/20100101 Firefox/78.0"
::1 - - [01/Aug/2020:20:34:03 +0000] "GET /images/1596254623083-airpods_pro.jpg HTTP/1.1" 200 2859 "http://localhost:3000/" "Mozilla/5.0 (Windows NT 10.0; Win64; x64; rv:78.0) Gecko/20100101 Firefox/78.0"
::1 - - [01/Aug/2020:20:34:03 +0000] "GET /favicon.ico HTTP/1.1" 404 - "-" "Mozilla/5.0 (Windows NT 10.0; Win64; x64; rv:78.0) Gecko/20100101 Firefox/78.0"
::1 - - [01/Aug/2020:20:34:06 +0000] "GET /login HTTP/1.1" 200 - "http://localhost:3000/" "Mozilla/5.0 (Windows NT 10.0; Win64; x64; rv:78.0) Gecko/20100101 Firefox/78.0"
::1 - - [01/Aug/2020:20:34:06 +0000] "GET /css/forms.css HTTP/1.1" 200 454 "http://localhost:3000/login" "Mozilla/5.0 (Windows NT 10.0; Win64; x64; rv:78.0) Gecko/20100101 Firefox/78.0"
::1 - - [01/Aug/2020:20:34:06 +0000] "GET /css/main.css HTTP/1.1" 200 - "http://localhost:3000/login" "Mozilla/5.0 (Windows NT 10.0; Win64; x64; rv:78.0) Gecko/20100101 Firefox/78.0"
::1 - - [01/Aug/2020:20:34:06 +0000] "GET /css/auth.css HTTP/1.1" 200 84 "http://localhost:3000/login" "Mozilla/5.0 (Windows NT 10.0; Win64; x64; rv:78.0) Gecko/20100101 Firefox/78.0"
::1 - - [01/Aug/2020:20:34:06 +0000] "GET /js/main.js HTTP/1.1" 200 519 "http://localhost:3000/login" "Mozilla/5.0 (Windows NT 10.0; Win64; x64; rv:78.0) Gecko/20100101 Firefox/78.0"
::1 - - [01/Aug/2020:20:34:06 +0000] "GET /favicon.ico HTTP/1.1" 404 - "-" "Mozilla/5.0 (Windows NT 10.0; Win64; x64; rv:78.0) Gecko/20100101 Firefox/78.0"
::1 - - [01/Aug/2020:20:34:13 +0000] "POST /login HTTP/1.1" 302 46 "http://localhost:3000/login" "Mozilla/5.0 (Windows NT 10.0; Win64; x64; rv:78.0) Gecko/20100101 Firefox/78.0"
::1 - - [01/Aug/2020:20:34:15 +0000] "GET / HTTP/1.1" 200 - "http://localhost:3000/login" "Mozilla/5.0 (Windows NT 10.0; Win64; x64; rv:78.0) Gecko/20100101 Firefox/78.0"
::1 - - [01/Aug/2020:20:34:15 +0000] "GET /css/product.css HTTP/1.1" 200 379 "http://localhost:3000/" "Mozilla/5.0 (Windows NT 10.0; Win64; x64; rv:78.0) Gecko/20100101 Firefox/78.0"
::1 - - [01/Aug/2020:20:34:15 +0000] "GET /js/main.js HTTP/1.1" 200 519 "http://localhost:3000/" "Mozilla/5.0 (Windows NT 10.0; Win64; x64; rv:78.0) Gecko/20100101 Firefox/78.0"
::1 - - [01/Aug/2020:20:34:15 +0000] "GET /css/main.css HTTP/1.1" 200 - "http://localhost:3000/" "Mozilla/5.0 (Windows NT 10.0; Win64; x64; rv:78.0) Gecko/20100101 Firefox/78.0"
::1 - - [01/Aug/2020:20:34:15 +0000] "GET /images/1596253184992-iphone11.jpg HTTP/1.1" 200 4496 "http://localhost:3000/" "Mozilla/5.0 (Windows NT 10.0; Win64; x64; rv:78.0) Gecko/20100101 Firefox/78.0"
::1 - - [01/Aug/2020:20:34:15 +0000] "GET /images/1596254623083-airpods_pro.jpg HTTP/1.1" 200 2859 "http://localhost:3000/" "Mozilla/5.0 (Windows NT 10.0; Win64; x64; rv:78.0) Gecko/20100101 Firefox/78.0"
::1 - - [01/Aug/2020:20:34:15 +0000] "GET /favicon.ico HTTP/1.1" 404 - "-" "Mozilla/5.0 (Windows NT 10.0; Win64; x64; rv:78.0) Gecko/20100101 Firefox/78.0"
::1 - - [01/Aug/2020:20:34:17 +0000] "GET /products/5f24e401df74ea28d8e96727 HTTP/1.1" 200 - "http://localhost:3000/" "Mozilla/5.0 (Windows NT 10.0; Win64; x64; rv:78.0) Gecko/20100101 Firefox/78.0"
::1 - - [01/Aug/2020:20:34:17 +0000] "GET /js/main.js HTTP/1.1" 200 519 "http://localhost:3000/products/5f24e401df74ea28d8e96727" "Mozilla/5.0 (Windows NT 10.0; Win64; x64; rv:78.0) Gecko/20100101 Firefox/78.0"
::1 - - [01/Aug/2020:20:34:17 +0000] "GET /css/main.css HTTP/1.1" 200 - "http://localhost:3000/products/5f24e401df74ea28d8e96727" "Mozilla/5.0 (Windows NT 10.0; Win64; x64; rv:78.0) Gecko/20100101 Firefox/78.0"
::1 - - [01/Aug/2020:20:34:17 +0000] "GET /images/1596253184992-iphone11.jpg HTTP/1.1" 200 4496 "http://localhost:3000/products/5f24e401df74ea28d8e96727" "Mozilla/5.0 (Windows NT 10.0; Win64; x64; rv:78.0) Gecko/20100101 Firefox/78.0"
::1 - - [01/Aug/2020:20:34:17 +0000] "GET /favicon.ico HTTP/1.1" 404 - "-" "Mozilla/5.0 (Windows NT 10.0; Win64; x64; rv:78.0) Gecko/20100101 Firefox/78.0"
::1 - - [01/Aug/2020:20:34:19 +0000] "GET /cart HTTP/1.1" 500 - "http://localhost:3000/products/5f24e401df74ea28d8e96727" "Mozilla/5.0 (Windows NT 10.0; Win64; x64; rv:78.0) Gecko/20100101 Firefox/78.0"
::1 - - [01/Aug/2020:20:34:19 +0000] "GET /js/main.js HTTP/1.1" 200 519 "http://localhost:3000/cart" "Mozilla/5.0 (Windows NT 10.0; Win64; x64; rv:78.0) Gecko/20100101 Firefox/78.0"
::1 - - [01/Aug/2020:20:34:19 +0000] "GET /css/main.css HTTP/1.1" 200 - "http://localhost:3000/cart" "Mozilla/5.0 (Windows NT 10.0; Win64; x64; rv:78.0) Gecko/20100101 Firefox/78.0"
::1 - - [01/Aug/2020:20:34:19 +0000] "GET /favicon.ico HTTP/1.1" 404 - "-" "Mozilla/5.0 (Windows NT 10.0; Win64; x64; rv:78.0) Gecko/20100101 Firefox/78.0"
::1 - - [01/Aug/2020:20:34:20 +0000] "GET /orders HTTP/1.1" 200 - "http://localhost:3000/cart" "Mozilla/5.0 (Windows NT 10.0; Win64; x64; rv:78.0) Gecko/20100101 Firefox/78.0"
::1 - - [01/Aug/2020:20:34:20 +0000] "GET /css/orders.css HTTP/1.1" 200 419 "http://localhost:3000/orders" "Mozilla/5.0 (Windows NT 10.0; Win64; x64; rv:78.0) Gecko/20100101 Firefox/78.0"
::1 - - [01/Aug/2020:20:34:20 +0000] "GET /css/main.css HTTP/1.1" 200 - "http://localhost:3000/orders" "Mozilla/5.0 (Windows NT 10.0; Win64; x64; rv:78.0) Gecko/20100101 Firefox/78.0"
::1 - - [01/Aug/2020:20:34:20 +0000] "GET /js/main.js HTTP/1.1" 200 519 "http://localhost:3000/orders" "Mozilla/5.0 (Windows NT 10.0; Win64; x64; rv:78.0) Gecko/20100101 Firefox/78.0"
::1 - - [01/Aug/2020:20:34:20 +0000] "GET /favicon.ico HTTP/1.1" 404 - "-" "Mozilla/5.0 (Windows NT 10.0; Win64; x64; rv:78.0) Gecko/20100101 Firefox/78.0"
::1 - - [01/Aug/2020:20:34:22 +0000] "GET /products HTTP/1.1" 200 - "http://localhost:3000/orders" "Mozilla/5.0 (Windows NT 10.0; Win64; x64; rv:78.0) Gecko/20100101 Firefox/78.0"
::1 - - [01/Aug/2020:20:34:22 +0000] "GET /css/product.css HTTP/1.1" 200 379 "http://localhost:3000/products" "Mozilla/5.0 (Windows NT 10.0; Win64; x64; rv:78.0) Gecko/20100101 Firefox/78.0"
::1 - - [01/Aug/2020:20:34:22 +0000] "GET /js/main.js HTTP/1.1" 200 519 "http://localhost:3000/products" "Mozilla/5.0 (Windows NT 10.0; Win64; x64; rv:78.0) Gecko/20100101 Firefox/78.0"
::1 - - [01/Aug/2020:20:34:22 +0000] "GET /css/main.css HTTP/1.1" 200 - "http://localhost:3000/products" "Mozilla/5.0 (Windows NT 10.0; Win64; x64; rv:78.0) Gecko/20100101 Firefox/78.0"
::1 - - [01/Aug/2020:20:34:22 +0000] "GET /images/1596253184992-iphone11.jpg HTTP/1.1" 200 4496 "http://localhost:3000/products" "Mozilla/5.0 (Windows NT 10.0; Win64; x64; rv:78.0) Gecko/20100101 Firefox/78.0"
::1 - - [01/Aug/2020:20:34:22 +0000] "GET /images/1596254623083-airpods_pro.jpg HTTP/1.1" 200 2859 "http://localhost:3000/products" "Mozilla/5.0 (Windows NT 10.0; Win64; x64; rv:78.0) Gecko/20100101 Firefox/78.0"
::1 - - [01/Aug/2020:20:34:23 +0000] "GET /favicon.ico HTTP/1.1" 404 - "-" "Mozilla/5.0 (Windows NT 10.0; Win64; x64; rv:78.0) Gecko/20100101 Firefox/78.0"
::1 - - [01/Aug/2020:20:34:24 +0000] "GET /admin/add-product HTTP/1.1" 200 - "http://localhost:3000/products" "Mozilla/5.0 (Windows NT 10.0; Win64; x64; rv:78.0) Gecko/20100101 Firefox/78.0"
::1 - - [01/Aug/2020:20:34:24 +0000] "GET /css/forms.css HTTP/1.1" 200 454 "http://localhost:3000/admin/add-product" "Mozilla/5.0 (Windows NT 10.0; Win64; x64; rv:78.0) Gecko/20100101 Firefox/78.0"
::1 - - [01/Aug/2020:20:34:24 +0000] "GET /css/product.css HTTP/1.1" 200 379 "http://localhost:3000/admin/add-product" "Mozilla/5.0 (Windows NT 10.0; Win64; x64; rv:78.0) Gecko/20100101 Firefox/78.0"
::1 - - [01/Aug/2020:20:34:24 +0000] "GET /js/main.js HTTP/1.1" 200 519 "http://localhost:3000/admin/add-product" "Mozilla/5.0 (Windows NT 10.0; Win64; x64; rv:78.0) Gecko/20100101 Firefox/78.0"
::1 - - [01/Aug/2020:20:34:24 +0000] "GET /css/main.css HTTP/1.1" 200 - "http://localhost:3000/admin/add-product" "Mozilla/5.0 (Windows NT 10.0; Win64; x64; rv:78.0) Gecko/20100101 Firefox/78.0"
::1 - - [01/Aug/2020:20:34:24 +0000] "GET /favicon.ico HTTP/1.1" 404 - "-" "Mozilla/5.0 (Windows NT 10.0; Win64; x64; rv:78.0) Gecko/20100101 Firefox/78.0"
::1 - - [01/Aug/2020:20:34:25 +0000] "GET /admin/products HTTP/1.1" 200 - "http://localhost:3000/admin/add-product" "Mozilla/5.0 (Windows NT 10.0; Win64; x64; rv:78.0) Gecko/20100101 Firefox/78.0"
::1 - - [01/Aug/2020:20:34:25 +0000] "GET /css/product.css HTTP/1.1" 200 379 "http://localhost:3000/admin/products" "Mozilla/5.0 (Windows NT 10.0; Win64; x64; rv:78.0) Gecko/20100101 Firefox/78.0"
::1 - - [01/Aug/2020:20:34:25 +0000] "GET /js/main.js HTTP/1.1" 200 519 "http://localhost:3000/admin/products" "Mozilla/5.0 (Windows NT 10.0; Win64; x64; rv:78.0) Gecko/20100101 Firefox/78.0"
::1 - - [01/Aug/2020:20:34:25 +0000] "GET /js/admin.js HTTP/1.1" 200 558 "http://localhost:3000/admin/products" "Mozilla/5.0 (Windows NT 10.0; Win64; x64; rv:78.0) Gecko/20100101 Firefox/78.0"
::1 - - [01/Aug/2020:20:34:25 +0000] "GET /css/main.css HTTP/1.1" 200 - "http://localhost:3000/admin/products" "Mozilla/5.0 (Windows NT 10.0; Win64; x64; rv:78.0) Gecko/20100101 Firefox/78.0"
::1 - - [01/Aug/2020:20:34:25 +0000] "GET /images/1596254623083-airpods_pro.jpg HTTP/1.1" 200 2859 "http://localhost:3000/admin/products" "Mozilla/5.0 (Windows NT 10.0; Win64; x64; rv:78.0) Gecko/20100101 Firefox/78.0"
::1 - - [01/Aug/2020:20:34:25 +0000] "GET /favicon.ico HTTP/1.1" 404 - "-" "Mozilla/5.0 (Windows NT 10.0; Win64; x64; rv:78.0) Gecko/20100101 Firefox/78.0"
::1 - - [01/Aug/2020:20:34:29 +0000] "GET /cart HTTP/1.1" - - "http://localhost:3000/admin/products" "Mozilla/5.0 (Windows NT 10.0; Win64; x64; rv:78.0) Gecko/20100101 Firefox/78.0"
::1 - - [01/Aug/2020:20:34:29 +0000] "GET /cart HTTP/1.1" - - "http://localhost:3000/admin/products" "Mozilla/5.0 (Windows NT 10.0; Win64; x64; rv:78.0) Gecko/20100101 Firefox/78.0"
::1 - - [01/Aug/2020:20:34:30 +0000] "GET /cart HTTP/1.1" 500 - "http://localhost:3000/admin/products" "Mozilla/5.0 (Windows NT 10.0; Win64; x64; rv:78.0) Gecko/20100101 Firefox/78.0"
::1 - - [01/Aug/2020:20:34:30 +0000] "GET /css/main.css HTTP/1.1" 200 - "http://localhost:3000/cart" "Mozilla/5.0 (Windows NT 10.0; Win64; x64; rv:78.0) Gecko/20100101 Firefox/78.0"
::1 - - [01/Aug/2020:20:34:30 +0000] "GET /js/main.js HTTP/1.1" 200 519 "http://localhost:3000/cart" "Mozilla/5.0 (Windows NT 10.0; Win64; x64; rv:78.0) Gecko/20100101 Firefox/78.0"
::1 - - [01/Aug/2020:20:34:30 +0000] "GET /favicon.ico HTTP/1.1" 404 - "-" "Mozilla/5.0 (Windows NT 10.0; Win64; x64; rv:78.0) Gecko/20100101 Firefox/78.0"
::1 - - [01/Aug/2020:20:34:31 +0000] "GET /orders HTTP/1.1" 200 - "http://localhost:3000/cart" "Mozilla/5.0 (Windows NT 10.0; Win64; x64; rv:78.0) Gecko/20100101 Firefox/78.0"
::1 - - [01/Aug/2020:20:34:31 +0000] "GET /css/orders.css HTTP/1.1" 200 419 "http://localhost:3000/orders" "Mozilla/5.0 (Windows NT 10.0; Win64; x64; rv:78.0) Gecko/20100101 Firefox/78.0"
::1 - - [01/Aug/2020:20:34:31 +0000] "GET /js/main.js HTTP/1.1" 200 519 "http://localhost:3000/orders" "Mozilla/5.0 (Windows NT 10.0; Win64; x64; rv:78.0) Gecko/20100101 Firefox/78.0"
::1 - - [01/Aug/2020:20:34:31 +0000] "GET /css/main.css HTTP/1.1" 200 - "http://localhost:3000/orders" "Mozilla/5.0 (Windows NT 10.0; Win64; x64; rv:78.0) Gecko/20100101 Firefox/78.0"
::1 - - [01/Aug/2020:20:34:31 +0000] "GET /favicon.ico HTTP/1.1" 404 - "-" "Mozilla/5.0 (Windows NT 10.0; Win64; x64; rv:78.0) Gecko/20100101 Firefox/78.0"
::1 - - [01/Aug/2020:20:34:33 +0000] "GET /products HTTP/1.1" 200 - "http://localhost:3000/orders" "Mozilla/5.0 (Windows NT 10.0; Win64; x64; rv:78.0) Gecko/20100101 Firefox/78.0"
::1 - - [01/Aug/2020:20:34:33 +0000] "GET /css/product.css HTTP/1.1" 200 379 "http://localhost:3000/products" "Mozilla/5.0 (Windows NT 10.0; Win64; x64; rv:78.0) Gecko/20100101 Firefox/78.0"
::1 - - [01/Aug/2020:20:34:33 +0000] "GET /js/main.js HTTP/1.1" 200 519 "http://localhost:3000/products" "Mozilla/5.0 (Windows NT 10.0; Win64; x64; rv:78.0) Gecko/20100101 Firefox/78.0"
::1 - - [01/Aug/2020:20:34:33 +0000] "GET /css/main.css HTTP/1.1" 200 - "http://localhost:3000/products" "Mozilla/5.0 (Windows NT 10.0; Win64; x64; rv:78.0) Gecko/20100101 Firefox/78.0"
::1 - - [01/Aug/2020:20:34:33 +0000] "GET /images/1596254623083-airpods_pro.jpg HTTP/1.1" 200 2859 "http://localhost:3000/products" "Mozilla/5.0 (Windows NT 10.0; Win64; x64; rv:78.0) Gecko/20100101 Firefox/78.0"
::1 - - [01/Aug/2020:20:34:33 +0000] "GET /images/1596253184992-iphone11.jpg HTTP/1.1" 200 4496 "http://localhost:3000/products" "Mozilla/5.0 (Windows NT 10.0; Win64; x64; rv:78.0) Gecko/20100101 Firefox/78.0"
::1 - - [01/Aug/2020:20:34:33 +0000] "GET /favicon.ico HTTP/1.1" 404 - "-" "Mozilla/5.0 (Windows NT 10.0; Win64; x64; rv:78.0) Gecko/20100101 Firefox/78.0"
::1 - - [01/Aug/2020:20:34:34 +0000] "POST /cart HTTP/1.1" 302 54 "http://localhost:3000/products" "Mozilla/5.0 (Windows NT 10.0; Win64; x64; rv:78.0) Gecko/20100101 Firefox/78.0"
::1 - - [01/Aug/2020:20:34:34 +0000] "GET /cart HTTP/1.1" 500 - "http://localhost:3000/products" "Mozilla/5.0 (Windows NT 10.0; Win64; x64; rv:78.0) Gecko/20100101 Firefox/78.0"
::1 - - [01/Aug/2020:20:34:35 +0000] "GET /js/main.js HTTP/1.1" 200 519 "http://localhost:3000/cart" "Mozilla/5.0 (Windows NT 10.0; Win64; x64; rv:78.0) Gecko/20100101 Firefox/78.0"
::1 - - [01/Aug/2020:20:34:35 +0000] "GET /css/main.css HTTP/1.1" 200 - "http://localhost:3000/cart" "Mozilla/5.0 (Windows NT 10.0; Win64; x64; rv:78.0) Gecko/20100101 Firefox/78.0"
::1 - - [01/Aug/2020:20:34:35 +0000] "GET /favicon.ico HTTP/1.1" 404 - "-" "Mozilla/5.0 (Windows NT 10.0; Win64; x64; rv:78.0) Gecko/20100101 Firefox/78.0"
::1 - - [01/Aug/2020:20:34:37 +0000] "GET /products HTTP/1.1" 200 - "http://localhost:3000/cart" "Mozilla/5.0 (Windows NT 10.0; Win64; x64; rv:78.0) Gecko/20100101 Firefox/78.0"
::1 - - [01/Aug/2020:20:34:37 +0000] "GET /css/product.css HTTP/1.1" 200 379 "http://localhost:3000/products" "Mozilla/5.0 (Windows NT 10.0; Win64; x64; rv:78.0) Gecko/20100101 Firefox/78.0"
::1 - - [01/Aug/2020:20:34:37 +0000] "GET /js/main.js HTTP/1.1" 200 519 "http://localhost:3000/products" "Mozilla/5.0 (Windows NT 10.0; Win64; x64; rv:78.0) Gecko/20100101 Firefox/78.0"
::1 - - [01/Aug/2020:20:34:37 +0000] "GET /css/main.css HTTP/1.1" 200 - "http://localhost:3000/products" "Mozilla/5.0 (Windows NT 10.0; Win64; x64; rv:78.0) Gecko/20100101 Firefox/78.0"
::1 - - [01/Aug/2020:20:34:37 +0000] "GET /images/1596254623083-airpods_pro.jpg HTTP/1.1" 200 2859 "http://localhost:3000/products" "Mozilla/5.0 (Windows NT 10.0; Win64; x64; rv:78.0) Gecko/20100101 Firefox/78.0"
::1 - - [01/Aug/2020:20:34:37 +0000] "GET /images/1596253184992-iphone11.jpg HTTP/1.1" 200 4496 "http://localhost:3000/products" "Mozilla/5.0 (Windows NT 10.0; Win64; x64; rv:78.0) Gecko/20100101 Firefox/78.0"
::1 - - [01/Aug/2020:20:34:38 +0000] "GET /favicon.ico HTTP/1.1" 404 - "-" "Mozilla/5.0 (Windows NT 10.0; Win64; x64; rv:78.0) Gecko/20100101 Firefox/78.0"
::1 - - [01/Aug/2020:20:34:54 +0000] "GET /orders HTTP/1.1" 200 - "http://localhost:3000/products" "Mozilla/5.0 (Windows NT 10.0; Win64; x64; rv:78.0) Gecko/20100101 Firefox/78.0"
::1 - - [01/Aug/2020:20:34:54 +0000] "GET /css/orders.css HTTP/1.1" 200 419 "http://localhost:3000/orders" "Mozilla/5.0 (Windows NT 10.0; Win64; x64; rv:78.0) Gecko/20100101 Firefox/78.0"
::1 - - [01/Aug/2020:20:34:54 +0000] "GET /js/main.js HTTP/1.1" 200 519 "http://localhost:3000/orders" "Mozilla/5.0 (Windows NT 10.0; Win64; x64; rv:78.0) Gecko/20100101 Firefox/78.0"
::1 - - [01/Aug/2020:20:34:54 +0000] "GET /css/main.css HTTP/1.1" 200 - "http://localhost:3000/orders" "Mozilla/5.0 (Windows NT 10.0; Win64; x64; rv:78.0) Gecko/20100101 Firefox/78.0"
::1 - - [01/Aug/2020:20:34:54 +0000] "GET /favicon.ico HTTP/1.1" 404 - "-" "Mozilla/5.0 (Windows NT 10.0; Win64; x64; rv:78.0) Gecko/20100101 Firefox/78.0"
::1 - - [01/Aug/2020:20:34:55 +0000] "GET /cart HTTP/1.1" 500 - "http://localhost:3000/orders" "Mozilla/5.0 (Windows NT 10.0; Win64; x64; rv:78.0) Gecko/20100101 Firefox/78.0"
::1 - - [01/Aug/2020:20:34:55 +0000] "GET /js/main.js HTTP/1.1" 200 519 "http://localhost:3000/cart" "Mozilla/5.0 (Windows NT 10.0; Win64; x64; rv:78.0) Gecko/20100101 Firefox/78.0"
::1 - - [01/Aug/2020:20:34:55 +0000] "GET /css/main.css HTTP/1.1" 200 - "http://localhost:3000/cart" "Mozilla/5.0 (Windows NT 10.0; Win64; x64; rv:78.0) Gecko/20100101 Firefox/78.0"
::1 - - [01/Aug/2020:20:34:55 +0000] "GET /favicon.ico HTTP/1.1" 404 - "-" "Mozilla/5.0 (Windows NT 10.0; Win64; x64; rv:78.0) Gecko/20100101 Firefox/78.0"
::1 - - [01/Aug/2020:20:34:56 +0000] "GET /admin/add-product HTTP/1.1" 200 - "http://localhost:3000/cart" "Mozilla/5.0 (Windows NT 10.0; Win64; x64; rv:78.0) Gecko/20100101 Firefox/78.0"
::1 - - [01/Aug/2020:20:34:56 +0000] "GET /css/forms.css HTTP/1.1" 200 454 "http://localhost:3000/admin/add-product" "Mozilla/5.0 (Windows NT 10.0; Win64; x64; rv:78.0) Gecko/20100101 Firefox/78.0"
::1 - - [01/Aug/2020:20:34:56 +0000] "GET /css/product.css HTTP/1.1" 200 379 "http://localhost:3000/admin/add-product" "Mozilla/5.0 (Windows NT 10.0; Win64; x64; rv:78.0) Gecko/20100101 Firefox/78.0"
::1 - - [01/Aug/2020:20:34:56 +0000] "GET /js/main.js HTTP/1.1" 200 519 "http://localhost:3000/admin/add-product" "Mozilla/5.0 (Windows NT 10.0; Win64; x64; rv:78.0) Gecko/20100101 Firefox/78.0"
::1 - - [01/Aug/2020:20:34:56 +0000] "GET /css/main.css HTTP/1.1" 200 - "http://localhost:3000/admin/add-product" "Mozilla/5.0 (Windows NT 10.0; Win64; x64; rv:78.0) Gecko/20100101 Firefox/78.0"
::1 - - [01/Aug/2020:20:34:56 +0000] "GET /favicon.ico HTTP/1.1" 404 - "-" "Mozilla/5.0 (Windows NT 10.0; Win64; x64; rv:78.0) Gecko/20100101 Firefox/78.0"
::1 - - [01/Aug/2020:20:35:46 +0000] "POST /admin/add-product HTTP/1.1" 500 - "http://localhost:3000/admin/add-product" "Mozilla/5.0 (Windows NT 10.0; Win64; x64; rv:78.0) Gecko/20100101 Firefox/78.0"
::1 - - [01/Aug/2020:20:39:09 +0000] "GET / HTTP/1.1" 200 - "-" "Mozilla/5.0 (Windows NT 10.0; Win64; x64; rv:78.0) Gecko/20100101 Firefox/78.0"
::1 - - [01/Aug/2020:20:39:09 +0000] "GET /css/product.css HTTP/1.1" 200 379 "http://localhost:3000/" "Mozilla/5.0 (Windows NT 10.0; Win64; x64; rv:78.0) Gecko/20100101 Firefox/78.0"
::1 - - [01/Aug/2020:20:39:09 +0000] "GET /css/main.css HTTP/1.1" 200 - "http://localhost:3000/" "Mozilla/5.0 (Windows NT 10.0; Win64; x64; rv:78.0) Gecko/20100101 Firefox/78.0"
::1 - - [01/Aug/2020:20:39:09 +0000] "GET /js/main.js HTTP/1.1" 200 519 "http://localhost:3000/" "Mozilla/5.0 (Windows NT 10.0; Win64; x64; rv:78.0) Gecko/20100101 Firefox/78.0"
::1 - - [01/Aug/2020:20:39:09 +0000] "GET /images/1596253184992-iphone11.jpg HTTP/1.1" 200 4496 "http://localhost:3000/" "Mozilla/5.0 (Windows NT 10.0; Win64; x64; rv:78.0) Gecko/20100101 Firefox/78.0"
::1 - - [01/Aug/2020:20:39:09 +0000] "GET /images/1596254623083-airpods_pro.jpg HTTP/1.1" 200 2859 "http://localhost:3000/" "Mozilla/5.0 (Windows NT 10.0; Win64; x64; rv:78.0) Gecko/20100101 Firefox/78.0"
::1 - - [01/Aug/2020:20:39:09 +0000] "GET /favicon.ico HTTP/1.1" 404 - "-" "Mozilla/5.0 (Windows NT 10.0; Win64; x64; rv:78.0) Gecko/20100101 Firefox/78.0"
::1 - - [01/Aug/2020:20:39:10 +0000] "GET / HTTP/1.1" 200 - "-" "Mozilla/5.0 (Windows NT 10.0; Win64; x64; rv:78.0) Gecko/20100101 Firefox/78.0"
::1 - - [01/Aug/2020:20:39:10 +0000] "GET /css/main.css HTTP/1.1" 200 - "http://localhost:3000/" "Mozilla/5.0 (Windows NT 10.0; Win64; x64; rv:78.0) Gecko/20100101 Firefox/78.0"
::1 - - [01/Aug/2020:20:39:10 +0000] "GET /css/product.css HTTP/1.1" 200 379 "http://localhost:3000/" "Mozilla/5.0 (Windows NT 10.0; Win64; x64; rv:78.0) Gecko/20100101 Firefox/78.0"
::1 - - [01/Aug/2020:20:39:10 +0000] "GET /js/main.js HTTP/1.1" 200 519 "http://localhost:3000/" "Mozilla/5.0 (Windows NT 10.0; Win64; x64; rv:78.0) Gecko/20100101 Firefox/78.0"
::1 - - [01/Aug/2020:20:39:10 +0000] "GET /images/1596253184992-iphone11.jpg HTTP/1.1" 200 4496 "http://localhost:3000/" "Mozilla/5.0 (Windows NT 10.0; Win64; x64; rv:78.0) Gecko/20100101 Firefox/78.0"
::1 - - [01/Aug/2020:20:39:10 +0000] "GET /images/1596254623083-airpods_pro.jpg HTTP/1.1" 200 2859 "http://localhost:3000/" "Mozilla/5.0 (Windows NT 10.0; Win64; x64; rv:78.0) Gecko/20100101 Firefox/78.0"
::1 - - [01/Aug/2020:20:39:10 +0000] "GET /favicon.ico HTTP/1.1" 404 - "-" "Mozilla/5.0 (Windows NT 10.0; Win64; x64; rv:78.0) Gecko/20100101 Firefox/78.0"
::1 - - [01/Aug/2020:20:39:19 +0000] "GET / HTTP/1.1" 200 - "-" "Mozilla/5.0 (Windows NT 10.0; Win64; x64; rv:78.0) Gecko/20100101 Firefox/78.0"
::1 - - [01/Aug/2020:20:39:19 +0000] "GET /css/main.css HTTP/1.1" 200 - "http://localhost:3000/" "Mozilla/5.0 (Windows NT 10.0; Win64; x64; rv:78.0) Gecko/20100101 Firefox/78.0"
::1 - - [01/Aug/2020:20:39:19 +0000] "GET /css/product.css HTTP/1.1" 200 379 "http://localhost:3000/" "Mozilla/5.0 (Windows NT 10.0; Win64; x64; rv:78.0) Gecko/20100101 Firefox/78.0"
::1 - - [01/Aug/2020:20:39:19 +0000] "GET /js/main.js HTTP/1.1" 200 519 "http://localhost:3000/" "Mozilla/5.0 (Windows NT 10.0; Win64; x64; rv:78.0) Gecko/20100101 Firefox/78.0"
::1 - - [01/Aug/2020:20:39:19 +0000] "GET /images/1596254623083-airpods_pro.jpg HTTP/1.1" 200 2859 "http://localhost:3000/" "Mozilla/5.0 (Windows NT 10.0; Win64; x64; rv:78.0) Gecko/20100101 Firefox/78.0"
::1 - - [01/Aug/2020:20:39:19 +0000] "GET /images/1596253184992-iphone11.jpg HTTP/1.1" 200 4496 "http://localhost:3000/" "Mozilla/5.0 (Windows NT 10.0; Win64; x64; rv:78.0) Gecko/20100101 Firefox/78.0"
::1 - - [01/Aug/2020:20:39:20 +0000] "GET /favicon.ico HTTP/1.1" 404 - "-" "Mozilla/5.0 (Windows NT 10.0; Win64; x64; rv:78.0) Gecko/20100101 Firefox/78.0"
::1 - - [01/Aug/2020:20:39:22 +0000] "GET /login HTTP/1.1" 200 - "http://localhost:3000/" "Mozilla/5.0 (Windows NT 10.0; Win64; x64; rv:78.0) Gecko/20100101 Firefox/78.0"
::1 - - [01/Aug/2020:20:39:22 +0000] "GET /css/forms.css HTTP/1.1" 200 454 "http://localhost:3000/login" "Mozilla/5.0 (Windows NT 10.0; Win64; x64; rv:78.0) Gecko/20100101 Firefox/78.0"
::1 - - [01/Aug/2020:20:39:22 +0000] "GET /css/main.css HTTP/1.1" 200 - "http://localhost:3000/login" "Mozilla/5.0 (Windows NT 10.0; Win64; x64; rv:78.0) Gecko/20100101 Firefox/78.0"
::1 - - [01/Aug/2020:20:39:22 +0000] "GET /css/auth.css HTTP/1.1" 200 84 "http://localhost:3000/login" "Mozilla/5.0 (Windows NT 10.0; Win64; x64; rv:78.0) Gecko/20100101 Firefox/78.0"
::1 - - [01/Aug/2020:20:39:22 +0000] "GET /js/main.js HTTP/1.1" 200 519 "http://localhost:3000/login" "Mozilla/5.0 (Windows NT 10.0; Win64; x64; rv:78.0) Gecko/20100101 Firefox/78.0"
::1 - - [01/Aug/2020:20:39:23 +0000] "GET /favicon.ico HTTP/1.1" 404 - "-" "Mozilla/5.0 (Windows NT 10.0; Win64; x64; rv:78.0) Gecko/20100101 Firefox/78.0"
::1 - - [01/Aug/2020:20:39:29 +0000] "POST /login HTTP/1.1" 422 - "http://localhost:3000/login" "Mozilla/5.0 (Windows NT 10.0; Win64; x64; rv:78.0) Gecko/20100101 Firefox/78.0"
::1 - - [01/Aug/2020:20:39:29 +0000] "GET /css/forms.css HTTP/1.1" 200 454 "http://localhost:3000/login" "Mozilla/5.0 (Windows NT 10.0; Win64; x64; rv:78.0) Gecko/20100101 Firefox/78.0"
::1 - - [01/Aug/2020:20:39:29 +0000] "GET /css/auth.css HTTP/1.1" 200 84 "http://localhost:3000/login" "Mozilla/5.0 (Windows NT 10.0; Win64; x64; rv:78.0) Gecko/20100101 Firefox/78.0"
::1 - - [01/Aug/2020:20:39:29 +0000] "GET /css/main.css HTTP/1.1" 200 - "http://localhost:3000/login" "Mozilla/5.0 (Windows NT 10.0; Win64; x64; rv:78.0) Gecko/20100101 Firefox/78.0"
::1 - - [01/Aug/2020:20:39:29 +0000] "GET /js/main.js HTTP/1.1" 200 519 "http://localhost:3000/login" "Mozilla/5.0 (Windows NT 10.0; Win64; x64; rv:78.0) Gecko/20100101 Firefox/78.0"
::1 - - [01/Aug/2020:20:39:29 +0000] "GET /favicon.ico HTTP/1.1" 404 - "-" "Mozilla/5.0 (Windows NT 10.0; Win64; x64; rv:78.0) Gecko/20100101 Firefox/78.0"
::1 - - [01/Aug/2020:20:39:36 +0000] "POST /login HTTP/1.1" 302 46 "http://localhost:3000/login" "Mozilla/5.0 (Windows NT 10.0; Win64; x64; rv:78.0) Gecko/20100101 Firefox/78.0"
::1 - - [01/Aug/2020:20:39:36 +0000] "GET / HTTP/1.1" 200 - "http://localhost:3000/login" "Mozilla/5.0 (Windows NT 10.0; Win64; x64; rv:78.0) Gecko/20100101 Firefox/78.0"
::1 - - [01/Aug/2020:20:39:36 +0000] "GET /css/product.css HTTP/1.1" 200 379 "http://localhost:3000/" "Mozilla/5.0 (Windows NT 10.0; Win64; x64; rv:78.0) Gecko/20100101 Firefox/78.0"
::1 - - [01/Aug/2020:20:39:36 +0000] "GET /js/main.js HTTP/1.1" 200 519 "http://localhost:3000/" "Mozilla/5.0 (Windows NT 10.0; Win64; x64; rv:78.0) Gecko/20100101 Firefox/78.0"
::1 - - [01/Aug/2020:20:39:36 +0000] "GET /css/main.css HTTP/1.1" 200 - "http://localhost:3000/" "Mozilla/5.0 (Windows NT 10.0; Win64; x64; rv:78.0) Gecko/20100101 Firefox/78.0"
::1 - - [01/Aug/2020:20:39:36 +0000] "GET /images/1596253184992-iphone11.jpg HTTP/1.1" 200 4496 "http://localhost:3000/" "Mozilla/5.0 (Windows NT 10.0; Win64; x64; rv:78.0) Gecko/20100101 Firefox/78.0"
::1 - - [01/Aug/2020:20:39:36 +0000] "GET /images/1596254623083-airpods_pro.jpg HTTP/1.1" 200 2859 "http://localhost:3000/" "Mozilla/5.0 (Windows NT 10.0; Win64; x64; rv:78.0) Gecko/20100101 Firefox/78.0"
::1 - - [01/Aug/2020:20:39:37 +0000] "GET /favicon.ico HTTP/1.1" 404 - "-" "Mozilla/5.0 (Windows NT 10.0; Win64; x64; rv:78.0) Gecko/20100101 Firefox/78.0"
::1 - - [01/Aug/2020:20:39:40 +0000] "GET /admin/add-product HTTP/1.1" 200 - "http://localhost:3000/" "Mozilla/5.0 (Windows NT 10.0; Win64; x64; rv:78.0) Gecko/20100101 Firefox/78.0"
::1 - - [01/Aug/2020:20:39:40 +0000] "GET /css/forms.css HTTP/1.1" 200 454 "http://localhost:3000/admin/add-product" "Mozilla/5.0 (Windows NT 10.0; Win64; x64; rv:78.0) Gecko/20100101 Firefox/78.0"
::1 - - [01/Aug/2020:20:39:40 +0000] "GET /css/product.css HTTP/1.1" 200 379 "http://localhost:3000/admin/add-product" "Mozilla/5.0 (Windows NT 10.0; Win64; x64; rv:78.0) Gecko/20100101 Firefox/78.0"
::1 - - [01/Aug/2020:20:39:40 +0000] "GET /css/main.css HTTP/1.1" 200 - "http://localhost:3000/admin/add-product" "Mozilla/5.0 (Windows NT 10.0; Win64; x64; rv:78.0) Gecko/20100101 Firefox/78.0"
::1 - - [01/Aug/2020:20:39:40 +0000] "GET /js/main.js HTTP/1.1" 200 519 "http://localhost:3000/admin/add-product" "Mozilla/5.0 (Windows NT 10.0; Win64; x64; rv:78.0) Gecko/20100101 Firefox/78.0"
::1 - - [01/Aug/2020:20:39:40 +0000] "GET /favicon.ico HTTP/1.1" 404 - "-" "Mozilla/5.0 (Windows NT 10.0; Win64; x64; rv:78.0) Gecko/20100101 Firefox/78.0"
::1 - - [01/Aug/2020:20:44:52 +0000] "POST /admin/add-product HTTP/1.1" 302 74 "http://localhost:3000/admin/add-product" "Mozilla/5.0 (Windows NT 10.0; Win64; x64; rv:78.0) Gecko/20100101 Firefox/78.0"
::1 - - [01/Aug/2020:20:44:52 +0000] "GET /admin/products HTTP/1.1" 200 - "http://localhost:3000/admin/add-product" "Mozilla/5.0 (Windows NT 10.0; Win64; x64; rv:78.0) Gecko/20100101 Firefox/78.0"
::1 - - [01/Aug/2020:20:44:52 +0000] "GET /js/main.js HTTP/1.1" 200 519 "http://localhost:3000/admin/products" "Mozilla/5.0 (Windows NT 10.0; Win64; x64; rv:78.0) Gecko/20100101 Firefox/78.0"
::1 - - [01/Aug/2020:20:44:52 +0000] "GET /js/admin.js HTTP/1.1" 200 558 "http://localhost:3000/admin/products" "Mozilla/5.0 (Windows NT 10.0; Win64; x64; rv:78.0) Gecko/20100101 Firefox/78.0"
::1 - - [01/Aug/2020:20:44:52 +0000] "GET /css/product.css HTTP/1.1" 200 379 "http://localhost:3000/admin/products" "Mozilla/5.0 (Windows NT 10.0; Win64; x64; rv:78.0) Gecko/20100101 Firefox/78.0"
::1 - - [01/Aug/2020:20:44:52 +0000] "GET /css/main.css HTTP/1.1" 200 - "http://localhost:3000/admin/products" "Mozilla/5.0 (Windows NT 10.0; Win64; x64; rv:78.0) Gecko/20100101 Firefox/78.0"
::1 - - [01/Aug/2020:20:44:52 +0000] "GET /images/1596314691930-profile_pic.jpg HTTP/1.1" 200 130320 "http://localhost:3000/admin/products" "Mozilla/5.0 (Windows NT 10.0; Win64; x64; rv:78.0) Gecko/20100101 Firefox/78.0"
::1 - - [01/Aug/2020:20:44:52 +0000] "GET /images/1596254623083-airpods_pro.jpg HTTP/1.1" 200 2859 "http://localhost:3000/admin/products" "Mozilla/5.0 (Windows NT 10.0; Win64; x64; rv:78.0) Gecko/20100101 Firefox/78.0"
::1 - - [01/Aug/2020:20:44:52 +0000] "GET /favicon.ico HTTP/1.1" 404 - "-" "Mozilla/5.0 (Windows NT 10.0; Win64; x64; rv:78.0) Gecko/20100101 Firefox/78.0"
::1 - - [01/Aug/2020:20:44:58 +0000] "GET /products HTTP/1.1" 200 - "http://localhost:3000/admin/products" "Mozilla/5.0 (Windows NT 10.0; Win64; x64; rv:78.0) Gecko/20100101 Firefox/78.0"
::1 - - [01/Aug/2020:20:44:58 +0000] "GET /css/product.css HTTP/1.1" 200 379 "http://localhost:3000/products" "Mozilla/5.0 (Windows NT 10.0; Win64; x64; rv:78.0) Gecko/20100101 Firefox/78.0"
::1 - - [01/Aug/2020:20:44:58 +0000] "GET /css/main.css HTTP/1.1" 200 - "http://localhost:3000/products" "Mozilla/5.0 (Windows NT 10.0; Win64; x64; rv:78.0) Gecko/20100101 Firefox/78.0"
::1 - - [01/Aug/2020:20:44:58 +0000] "GET /js/main.js HTTP/1.1" 200 519 "http://localhost:3000/products" "Mozilla/5.0 (Windows NT 10.0; Win64; x64; rv:78.0) Gecko/20100101 Firefox/78.0"
::1 - - [01/Aug/2020:20:44:58 +0000] "GET /images/1596253184992-iphone11.jpg HTTP/1.1" 200 4496 "http://localhost:3000/products" "Mozilla/5.0 (Windows NT 10.0; Win64; x64; rv:78.0) Gecko/20100101 Firefox/78.0"
::1 - - [01/Aug/2020:20:44:58 +0000] "GET /images/1596254623083-airpods_pro.jpg HTTP/1.1" 200 2859 "http://localhost:3000/products" "Mozilla/5.0 (Windows NT 10.0; Win64; x64; rv:78.0) Gecko/20100101 Firefox/78.0"
::1 - - [01/Aug/2020:20:44:58 +0000] "GET /favicon.ico HTTP/1.1" 404 - "-" "Mozilla/5.0 (Windows NT 10.0; Win64; x64; rv:78.0) Gecko/20100101 Firefox/78.0"
::1 - - [01/Aug/2020:20:45:00 +0000] "GET /products?page=2 HTTP/1.1" 200 - "http://localhost:3000/products" "Mozilla/5.0 (Windows NT 10.0; Win64; x64; rv:78.0) Gecko/20100101 Firefox/78.0"
::1 - - [01/Aug/2020:20:45:00 +0000] "GET /css/product.css HTTP/1.1" 200 379 "http://localhost:3000/products?page=2" "Mozilla/5.0 (Windows NT 10.0; Win64; x64; rv:78.0) Gecko/20100101 Firefox/78.0"
::1 - - [01/Aug/2020:20:45:00 +0000] "GET /js/main.js HTTP/1.1" 200 519 "http://localhost:3000/products?page=2" "Mozilla/5.0 (Windows NT 10.0; Win64; x64; rv:78.0) Gecko/20100101 Firefox/78.0"
::1 - - [01/Aug/2020:20:45:00 +0000] "GET /css/main.css HTTP/1.1" 200 - "http://localhost:3000/products?page=2" "Mozilla/5.0 (Windows NT 10.0; Win64; x64; rv:78.0) Gecko/20100101 Firefox/78.0"
::1 - - [01/Aug/2020:20:45:00 +0000] "GET /images/1596314691930-profile_pic.jpg HTTP/1.1" 200 130320 "http://localhost:3000/products?page=2" "Mozilla/5.0 (Windows NT 10.0; Win64; x64; rv:78.0) Gecko/20100101 Firefox/78.0"
::1 - - [01/Aug/2020:20:45:00 +0000] "GET /favicon.ico HTTP/1.1" 404 - "-" "Mozilla/5.0 (Windows NT 10.0; Win64; x64; rv:78.0) Gecko/20100101 Firefox/78.0"
::1 - - [01/Aug/2020:20:45:08 +0000] "GET /cart HTTP/1.1" 500 - "http://localhost:3000/products?page=2" "Mozilla/5.0 (Windows NT 10.0; Win64; x64; rv:78.0) Gecko/20100101 Firefox/78.0"
::1 - - [01/Aug/2020:20:45:08 +0000] "GET /js/main.js HTTP/1.1" 200 519 "http://localhost:3000/cart" "Mozilla/5.0 (Windows NT 10.0; Win64; x64; rv:78.0) Gecko/20100101 Firefox/78.0"
::1 - - [01/Aug/2020:20:45:08 +0000] "GET /css/main.css HTTP/1.1" 200 - "http://localhost:3000/cart" "Mozilla/5.0 (Windows NT 10.0; Win64; x64; rv:78.0) Gecko/20100101 Firefox/78.0"
::1 - - [01/Aug/2020:20:45:08 +0000] "GET /favicon.ico HTTP/1.1" 404 - "-" "Mozilla/5.0 (Windows NT 10.0; Win64; x64; rv:78.0) Gecko/20100101 Firefox/78.0"
::1 - - [01/Aug/2020:20:45:10 +0000] "GET /products HTTP/1.1" 200 - "http://localhost:3000/cart" "Mozilla/5.0 (Windows NT 10.0; Win64; x64; rv:78.0) Gecko/20100101 Firefox/78.0"
::1 - - [01/Aug/2020:20:45:10 +0000] "GET /css/product.css HTTP/1.1" 200 379 "http://localhost:3000/products" "Mozilla/5.0 (Windows NT 10.0; Win64; x64; rv:78.0) Gecko/20100101 Firefox/78.0"
::1 - - [01/Aug/2020:20:45:10 +0000] "GET /css/main.css HTTP/1.1" 200 - "http://localhost:3000/products" "Mozilla/5.0 (Windows NT 10.0; Win64; x64; rv:78.0) Gecko/20100101 Firefox/78.0"
::1 - - [01/Aug/2020:20:45:10 +0000] "GET /js/main.js HTTP/1.1" 200 519 "http://localhost:3000/products" "Mozilla/5.0 (Windows NT 10.0; Win64; x64; rv:78.0) Gecko/20100101 Firefox/78.0"
::1 - - [01/Aug/2020:20:45:10 +0000] "GET /images/1596253184992-iphone11.jpg HTTP/1.1" 200 4496 "http://localhost:3000/products" "Mozilla/5.0 (Windows NT 10.0; Win64; x64; rv:78.0) Gecko/20100101 Firefox/78.0"
::1 - - [01/Aug/2020:20:45:10 +0000] "GET /images/1596254623083-airpods_pro.jpg HTTP/1.1" 200 2859 "http://localhost:3000/products" "Mozilla/5.0 (Windows NT 10.0; Win64; x64; rv:78.0) Gecko/20100101 Firefox/78.0"
::1 - - [01/Aug/2020:20:45:10 +0000] "GET /favicon.ico HTTP/1.1" 404 - "-" "Mozilla/5.0 (Windows NT 10.0; Win64; x64; rv:78.0) Gecko/20100101 Firefox/78.0"
::1 - - [01/Aug/2020:20:45:13 +0000] "POST /cart HTTP/1.1" 302 54 "http://localhost:3000/products" "Mozilla/5.0 (Windows NT 10.0; Win64; x64; rv:78.0) Gecko/20100101 Firefox/78.0"
::1 - - [01/Aug/2020:20:45:13 +0000] "GET /cart HTTP/1.1" 500 - "http://localhost:3000/products" "Mozilla/5.0 (Windows NT 10.0; Win64; x64; rv:78.0) Gecko/20100101 Firefox/78.0"
::1 - - [01/Aug/2020:20:45:13 +0000] "GET /js/main.js HTTP/1.1" 200 519 "http://localhost:3000/cart" "Mozilla/5.0 (Windows NT 10.0; Win64; x64; rv:78.0) Gecko/20100101 Firefox/78.0"
::1 - - [01/Aug/2020:20:45:13 +0000] "GET /css/main.css HTTP/1.1" 200 - "http://localhost:3000/cart" "Mozilla/5.0 (Windows NT 10.0; Win64; x64; rv:78.0) Gecko/20100101 Firefox/78.0"
::1 - - [01/Aug/2020:20:45:13 +0000] "GET /favicon.ico HTTP/1.1" 404 - "-" "Mozilla/5.0 (Windows NT 10.0; Win64; x64; rv:78.0) Gecko/20100101 Firefox/78.0"
::1 - - [01/Aug/2020:20:45:15 +0000] "GET /admin/products HTTP/1.1" 200 - "http://localhost:3000/cart" "Mozilla/5.0 (Windows NT 10.0; Win64; x64; rv:78.0) Gecko/20100101 Firefox/78.0"
::1 - - [01/Aug/2020:20:45:15 +0000] "GET /css/product.css HTTP/1.1" 200 379 "http://localhost:3000/admin/products" "Mozilla/5.0 (Windows NT 10.0; Win64; x64; rv:78.0) Gecko/20100101 Firefox/78.0"
::1 - - [01/Aug/2020:20:45:15 +0000] "GET /js/main.js HTTP/1.1" 200 519 "http://localhost:3000/admin/products" "Mozilla/5.0 (Windows NT 10.0; Win64; x64; rv:78.0) Gecko/20100101 Firefox/78.0"
::1 - - [01/Aug/2020:20:45:15 +0000] "GET /js/admin.js HTTP/1.1" 200 558 "http://localhost:3000/admin/products" "Mozilla/5.0 (Windows NT 10.0; Win64; x64; rv:78.0) Gecko/20100101 Firefox/78.0"
::1 - - [01/Aug/2020:20:45:15 +0000] "GET /css/main.css HTTP/1.1" 200 - "http://localhost:3000/admin/products" "Mozilla/5.0 (Windows NT 10.0; Win64; x64; rv:78.0) Gecko/20100101 Firefox/78.0"
::1 - - [01/Aug/2020:20:45:16 +0000] "GET /images/1596254623083-airpods_pro.jpg HTTP/1.1" 200 2859 "http://localhost:3000/admin/products" "Mozilla/5.0 (Windows NT 10.0; Win64; x64; rv:78.0) Gecko/20100101 Firefox/78.0"
::1 - - [01/Aug/2020:20:45:16 +0000] "GET /images/1596314691930-profile_pic.jpg HTTP/1.1" 200 130320 "http://localhost:3000/admin/products" "Mozilla/5.0 (Windows NT 10.0; Win64; x64; rv:78.0) Gecko/20100101 Firefox/78.0"
::1 - - [01/Aug/2020:20:45:16 +0000] "GET /favicon.ico HTTP/1.1" 404 - "-" "Mozilla/5.0 (Windows NT 10.0; Win64; x64; rv:78.0) Gecko/20100101 Firefox/78.0"
::1 - - [01/Aug/2020:20:45:18 +0000] "GET /products HTTP/1.1" 200 - "http://localhost:3000/admin/products" "Mozilla/5.0 (Windows NT 10.0; Win64; x64; rv:78.0) Gecko/20100101 Firefox/78.0"
::1 - - [01/Aug/2020:20:45:18 +0000] "GET /css/product.css HTTP/1.1" 200 379 "http://localhost:3000/products" "Mozilla/5.0 (Windows NT 10.0; Win64; x64; rv:78.0) Gecko/20100101 Firefox/78.0"
::1 - - [01/Aug/2020:20:45:18 +0000] "GET /js/main.js HTTP/1.1" 200 519 "http://localhost:3000/products" "Mozilla/5.0 (Windows NT 10.0; Win64; x64; rv:78.0) Gecko/20100101 Firefox/78.0"
::1 - - [01/Aug/2020:20:45:18 +0000] "GET /css/main.css HTTP/1.1" 200 - "http://localhost:3000/products" "Mozilla/5.0 (Windows NT 10.0; Win64; x64; rv:78.0) Gecko/20100101 Firefox/78.0"
::1 - - [01/Aug/2020:20:45:18 +0000] "GET /images/1596253184992-iphone11.jpg HTTP/1.1" 200 4496 "http://localhost:3000/products" "Mozilla/5.0 (Windows NT 10.0; Win64; x64; rv:78.0) Gecko/20100101 Firefox/78.0"
::1 - - [01/Aug/2020:20:45:18 +0000] "GET /images/1596254623083-airpods_pro.jpg HTTP/1.1" 200 2859 "http://localhost:3000/products" "Mozilla/5.0 (Windows NT 10.0; Win64; x64; rv:78.0) Gecko/20100101 Firefox/78.0"
::1 - - [01/Aug/2020:20:45:18 +0000] "GET /favicon.ico HTTP/1.1" 404 - "-" "Mozilla/5.0 (Windows NT 10.0; Win64; x64; rv:78.0) Gecko/20100101 Firefox/78.0"
::1 - - [01/Aug/2020:20:45:20 +0000] "POST /cart HTTP/1.1" 302 54 "http://localhost:3000/products" "Mozilla/5.0 (Windows NT 10.0; Win64; x64; rv:78.0) Gecko/20100101 Firefox/78.0"
::1 - - [01/Aug/2020:20:45:20 +0000] "GET /cart HTTP/1.1" 500 - "http://localhost:3000/products" "Mozilla/5.0 (Windows NT 10.0; Win64; x64; rv:78.0) Gecko/20100101 Firefox/78.0"
::1 - - [01/Aug/2020:20:45:20 +0000] "GET /js/main.js HTTP/1.1" 200 519 "http://localhost:3000/cart" "Mozilla/5.0 (Windows NT 10.0; Win64; x64; rv:78.0) Gecko/20100101 Firefox/78.0"
::1 - - [01/Aug/2020:20:45:20 +0000] "GET /css/main.css HTTP/1.1" 200 - "http://localhost:3000/cart" "Mozilla/5.0 (Windows NT 10.0; Win64; x64; rv:78.0) Gecko/20100101 Firefox/78.0"
::1 - - [01/Aug/2020:20:45:21 +0000] "GET /favicon.ico HTTP/1.1" 404 - "-" "Mozilla/5.0 (Windows NT 10.0; Win64; x64; rv:78.0) Gecko/20100101 Firefox/78.0"
::1 - - [01/Aug/2020:20:45:57 +0000] "GET /cart HTTP/1.1" 500 - "http://localhost:3000/products" "Mozilla/5.0 (Windows NT 10.0; Win64; x64; rv:78.0) Gecko/20100101 Firefox/78.0"
::1 - - [01/Aug/2020:20:45:57 +0000] "GET /js/main.js HTTP/1.1" 200 519 "http://localhost:3000/cart" "Mozilla/5.0 (Windows NT 10.0; Win64; x64; rv:78.0) Gecko/20100101 Firefox/78.0"
::1 - - [01/Aug/2020:20:45:57 +0000] "GET /css/main.css HTTP/1.1" 200 - "http://localhost:3000/cart" "Mozilla/5.0 (Windows NT 10.0; Win64; x64; rv:78.0) Gecko/20100101 Firefox/78.0"
::1 - - [01/Aug/2020:20:45:57 +0000] "GET /favicon.ico HTTP/1.1" 404 - "-" "Mozilla/5.0 (Windows NT 10.0; Win64; x64; rv:78.0) Gecko/20100101 Firefox/78.0"
::1 - - [01/Aug/2020:20:46:03 +0000] "GET /cart HTTP/1.1" 500 - "http://localhost:3000/cart" "Mozilla/5.0 (Windows NT 10.0; Win64; x64; rv:78.0) Gecko/20100101 Firefox/78.0"
::1 - - [01/Aug/2020:20:46:03 +0000] "GET /css/main.css HTTP/1.1" 200 - "http://localhost:3000/cart" "Mozilla/5.0 (Windows NT 10.0; Win64; x64; rv:78.0) Gecko/20100101 Firefox/78.0"
::1 - - [01/Aug/2020:20:46:03 +0000] "GET /js/main.js HTTP/1.1" 200 519 "http://localhost:3000/cart" "Mozilla/5.0 (Windows NT 10.0; Win64; x64; rv:78.0) Gecko/20100101 Firefox/78.0"
::1 - - [01/Aug/2020:20:46:03 +0000] "GET /favicon.ico HTTP/1.1" 404 - "-" "Mozilla/5.0 (Windows NT 10.0; Win64; x64; rv:78.0) Gecko/20100101 Firefox/78.0"
::1 - - [01/Aug/2020:20:46:04 +0000] "GET /orders HTTP/1.1" 200 - "http://localhost:3000/cart" "Mozilla/5.0 (Windows NT 10.0; Win64; x64; rv:78.0) Gecko/20100101 Firefox/78.0"
::1 - - [01/Aug/2020:20:46:04 +0000] "GET /css/orders.css HTTP/1.1" 200 419 "http://localhost:3000/orders" "Mozilla/5.0 (Windows NT 10.0; Win64; x64; rv:78.0) Gecko/20100101 Firefox/78.0"
::1 - - [01/Aug/2020:20:46:04 +0000] "GET /js/main.js HTTP/1.1" 200 519 "http://localhost:3000/orders" "Mozilla/5.0 (Windows NT 10.0; Win64; x64; rv:78.0) Gecko/20100101 Firefox/78.0"
::1 - - [01/Aug/2020:20:46:04 +0000] "GET /css/main.css HTTP/1.1" 200 - "http://localhost:3000/orders" "Mozilla/5.0 (Windows NT 10.0; Win64; x64; rv:78.0) Gecko/20100101 Firefox/78.0"
::1 - - [01/Aug/2020:20:46:04 +0000] "GET /favicon.ico HTTP/1.1" 404 - "-" "Mozilla/5.0 (Windows NT 10.0; Win64; x64; rv:78.0) Gecko/20100101 Firefox/78.0"
::1 - - [01/Aug/2020:20:46:06 +0000] "GET /admin/add-product HTTP/1.1" 200 - "http://localhost:3000/orders" "Mozilla/5.0 (Windows NT 10.0; Win64; x64; rv:78.0) Gecko/20100101 Firefox/78.0"
::1 - - [01/Aug/2020:20:46:07 +0000] "GET /css/forms.css HTTP/1.1" 200 454 "http://localhost:3000/admin/add-product" "Mozilla/5.0 (Windows NT 10.0; Win64; x64; rv:78.0) Gecko/20100101 Firefox/78.0"
::1 - - [01/Aug/2020:20:46:07 +0000] "GET /css/product.css HTTP/1.1" 200 379 "http://localhost:3000/admin/add-product" "Mozilla/5.0 (Windows NT 10.0; Win64; x64; rv:78.0) Gecko/20100101 Firefox/78.0"
::1 - - [01/Aug/2020:20:46:07 +0000] "GET /js/main.js HTTP/1.1" 200 519 "http://localhost:3000/admin/add-product" "Mozilla/5.0 (Windows NT 10.0; Win64; x64; rv:78.0) Gecko/20100101 Firefox/78.0"
::1 - - [01/Aug/2020:20:46:07 +0000] "GET /css/main.css HTTP/1.1" 200 - "http://localhost:3000/admin/add-product" "Mozilla/5.0 (Windows NT 10.0; Win64; x64; rv:78.0) Gecko/20100101 Firefox/78.0"
::1 - - [01/Aug/2020:20:46:07 +0000] "GET /favicon.ico HTTP/1.1" 404 - "-" "Mozilla/5.0 (Windows NT 10.0; Win64; x64; rv:78.0) Gecko/20100101 Firefox/78.0"
::1 - - [01/Aug/2020:20:46:08 +0000] "GET /admin/products HTTP/1.1" 200 - "http://localhost:3000/admin/add-product" "Mozilla/5.0 (Windows NT 10.0; Win64; x64; rv:78.0) Gecko/20100101 Firefox/78.0"
::1 - - [01/Aug/2020:20:46:08 +0000] "GET /css/product.css HTTP/1.1" 200 379 "http://localhost:3000/admin/products" "Mozilla/5.0 (Windows NT 10.0; Win64; x64; rv:78.0) Gecko/20100101 Firefox/78.0"
::1 - - [01/Aug/2020:20:46:08 +0000] "GET /js/main.js HTTP/1.1" 200 519 "http://localhost:3000/admin/products" "Mozilla/5.0 (Windows NT 10.0; Win64; x64; rv:78.0) Gecko/20100101 Firefox/78.0"
::1 - - [01/Aug/2020:20:46:08 +0000] "GET /js/admin.js HTTP/1.1" 200 558 "http://localhost:3000/admin/products" "Mozilla/5.0 (Windows NT 10.0; Win64; x64; rv:78.0) Gecko/20100101 Firefox/78.0"
::1 - - [01/Aug/2020:20:46:08 +0000] "GET /css/main.css HTTP/1.1" 200 - "http://localhost:3000/admin/products" "Mozilla/5.0 (Windows NT 10.0; Win64; x64; rv:78.0) Gecko/20100101 Firefox/78.0"
::1 - - [01/Aug/2020:20:46:08 +0000] "GET /images/1596254623083-airpods_pro.jpg HTTP/1.1" 200 2859 "http://localhost:3000/admin/products" "Mozilla/5.0 (Windows NT 10.0; Win64; x64; rv:78.0) Gecko/20100101 Firefox/78.0"
::1 - - [01/Aug/2020:20:46:08 +0000] "GET /images/1596314691930-profile_pic.jpg HTTP/1.1" 200 130320 "http://localhost:3000/admin/products" "Mozilla/5.0 (Windows NT 10.0; Win64; x64; rv:78.0) Gecko/20100101 Firefox/78.0"
::1 - - [01/Aug/2020:20:46:09 +0000] "GET /favicon.ico HTTP/1.1" 404 - "-" "Mozilla/5.0 (Windows NT 10.0; Win64; x64; rv:78.0) Gecko/20100101 Firefox/78.0"
::1 - - [01/Aug/2020:20:52:40 +0000] "GET /products HTTP/1.1" 200 - "http://localhost:3000/admin/products" "Mozilla/5.0 (Windows NT 10.0; Win64; x64; rv:78.0) Gecko/20100101 Firefox/78.0"
::1 - - [01/Aug/2020:20:52:40 +0000] "GET /css/product.css HTTP/1.1" 200 379 "http://localhost:3000/products" "Mozilla/5.0 (Windows NT 10.0; Win64; x64; rv:78.0) Gecko/20100101 Firefox/78.0"
::1 - - [01/Aug/2020:20:52:40 +0000] "GET /js/main.js HTTP/1.1" 200 519 "http://localhost:3000/products" "Mozilla/5.0 (Windows NT 10.0; Win64; x64; rv:78.0) Gecko/20100101 Firefox/78.0"
::1 - - [01/Aug/2020:20:52:40 +0000] "GET /css/main.css HTTP/1.1" 200 - "http://localhost:3000/products" "Mozilla/5.0 (Windows NT 10.0; Win64; x64; rv:78.0) Gecko/20100101 Firefox/78.0"
::1 - - [01/Aug/2020:20:52:40 +0000] "GET /images/1596253184992-iphone11.jpg HTTP/1.1" 200 4496 "http://localhost:3000/products" "Mozilla/5.0 (Windows NT 10.0; Win64; x64; rv:78.0) Gecko/20100101 Firefox/78.0"
::1 - - [01/Aug/2020:20:52:40 +0000] "GET /images/1596254623083-airpods_pro.jpg HTTP/1.1" 200 2859 "http://localhost:3000/products" "Mozilla/5.0 (Windows NT 10.0; Win64; x64; rv:78.0) Gecko/20100101 Firefox/78.0"
::1 - - [01/Aug/2020:20:52:40 +0000] "GET /favicon.ico HTTP/1.1" 404 - "-" "Mozilla/5.0 (Windows NT 10.0; Win64; x64; rv:78.0) Gecko/20100101 Firefox/78.0"
::1 - - [01/Aug/2020:20:52:42 +0000] "GET /products?page=2 HTTP/1.1" 200 - "http://localhost:3000/products" "Mozilla/5.0 (Windows NT 10.0; Win64; x64; rv:78.0) Gecko/20100101 Firefox/78.0"
::1 - - [01/Aug/2020:20:52:42 +0000] "GET /css/product.css HTTP/1.1" 200 379 "http://localhost:3000/products?page=2" "Mozilla/5.0 (Windows NT 10.0; Win64; x64; rv:78.0) Gecko/20100101 Firefox/78.0"
::1 - - [01/Aug/2020:20:52:42 +0000] "GET /css/main.css HTTP/1.1" 200 - "http://localhost:3000/products?page=2" "Mozilla/5.0 (Windows NT 10.0; Win64; x64; rv:78.0) Gecko/20100101 Firefox/78.0"
::1 - - [01/Aug/2020:20:52:42 +0000] "GET /js/main.js HTTP/1.1" 200 519 "http://localhost:3000/products?page=2" "Mozilla/5.0 (Windows NT 10.0; Win64; x64; rv:78.0) Gecko/20100101 Firefox/78.0"
::1 - - [01/Aug/2020:20:52:42 +0000] "GET /images/1596314691930-profile_pic.jpg HTTP/1.1" 200 130320 "http://localhost:3000/products?page=2" "Mozilla/5.0 (Windows NT 10.0; Win64; x64; rv:78.0) Gecko/20100101 Firefox/78.0"
::1 - - [01/Aug/2020:20:52:42 +0000] "GET /favicon.ico HTTP/1.1" 404 - "-" "Mozilla/5.0 (Windows NT 10.0; Win64; x64; rv:78.0) Gecko/20100101 Firefox/78.0"
::1 - - [01/Aug/2020:20:52:45 +0000] "POST /cart HTTP/1.1" 302 54 "http://localhost:3000/products?page=2" "Mozilla/5.0 (Windows NT 10.0; Win64; x64; rv:78.0) Gecko/20100101 Firefox/78.0"
::1 - - [01/Aug/2020:20:52:46 +0000] "GET /cart HTTP/1.1" 500 - "http://localhost:3000/products?page=2" "Mozilla/5.0 (Windows NT 10.0; Win64; x64; rv:78.0) Gecko/20100101 Firefox/78.0"
::1 - - [01/Aug/2020:20:52:46 +0000] "GET /js/main.js HTTP/1.1" 200 519 "http://localhost:3000/cart" "Mozilla/5.0 (Windows NT 10.0; Win64; x64; rv:78.0) Gecko/20100101 Firefox/78.0"
::1 - - [01/Aug/2020:20:52:46 +0000] "GET /css/main.css HTTP/1.1" 200 - "http://localhost:3000/cart" "Mozilla/5.0 (Windows NT 10.0; Win64; x64; rv:78.0) Gecko/20100101 Firefox/78.0"
::1 - - [01/Aug/2020:20:52:46 +0000] "GET /favicon.ico HTTP/1.1" 404 - "-" "Mozilla/5.0 (Windows NT 10.0; Win64; x64; rv:78.0) Gecko/20100101 Firefox/78.0"
::1 - - [01/Aug/2020:20:55:21 +0000] "GET / HTTP/1.1" 200 - "-" "Mozilla/5.0 (Windows NT 10.0; Win64; x64; rv:78.0) Gecko/20100101 Firefox/78.0"
::1 - - [01/Aug/2020:20:55:21 +0000] "GET /css/product.css HTTP/1.1" 200 379 "http://localhost:3000/" "Mozilla/5.0 (Windows NT 10.0; Win64; x64; rv:78.0) Gecko/20100101 Firefox/78.0"
::1 - - [01/Aug/2020:20:55:21 +0000] "GET /js/main.js HTTP/1.1" 200 519 "http://localhost:3000/" "Mozilla/5.0 (Windows NT 10.0; Win64; x64; rv:78.0) Gecko/20100101 Firefox/78.0"
::1 - - [01/Aug/2020:20:55:21 +0000] "GET /css/main.css HTTP/1.1" 200 - "http://localhost:3000/" "Mozilla/5.0 (Windows NT 10.0; Win64; x64; rv:78.0) Gecko/20100101 Firefox/78.0"
::1 - - [01/Aug/2020:20:55:21 +0000] "GET /images/1596253184992-iphone11.jpg HTTP/1.1" 200 4496 "http://localhost:3000/" "Mozilla/5.0 (Windows NT 10.0; Win64; x64; rv:78.0) Gecko/20100101 Firefox/78.0"
::1 - - [01/Aug/2020:20:55:21 +0000] "GET /images/1596254623083-airpods_pro.jpg HTTP/1.1" 200 2859 "http://localhost:3000/" "Mozilla/5.0 (Windows NT 10.0; Win64; x64; rv:78.0) Gecko/20100101 Firefox/78.0"
::1 - - [01/Aug/2020:20:55:22 +0000] "GET /favicon.ico HTTP/1.1" 404 - "-" "Mozilla/5.0 (Windows NT 10.0; Win64; x64; rv:78.0) Gecko/20100101 Firefox/78.0"
::1 - - [01/Aug/2020:20:55:25 +0000] "GET /login HTTP/1.1" 200 - "http://localhost:3000/" "Mozilla/5.0 (Windows NT 10.0; Win64; x64; rv:78.0) Gecko/20100101 Firefox/78.0"
::1 - - [01/Aug/2020:20:55:25 +0000] "GET /css/forms.css HTTP/1.1" 200 454 "http://localhost:3000/login" "Mozilla/5.0 (Windows NT 10.0; Win64; x64; rv:78.0) Gecko/20100101 Firefox/78.0"
::1 - - [01/Aug/2020:20:55:25 +0000] "GET /css/main.css HTTP/1.1" 200 - "http://localhost:3000/login" "Mozilla/5.0 (Windows NT 10.0; Win64; x64; rv:78.0) Gecko/20100101 Firefox/78.0"
::1 - - [01/Aug/2020:20:55:25 +0000] "GET /css/auth.css HTTP/1.1" 200 84 "http://localhost:3000/login" "Mozilla/5.0 (Windows NT 10.0; Win64; x64; rv:78.0) Gecko/20100101 Firefox/78.0"
::1 - - [01/Aug/2020:20:55:25 +0000] "GET /js/main.js HTTP/1.1" 200 519 "http://localhost:3000/login" "Mozilla/5.0 (Windows NT 10.0; Win64; x64; rv:78.0) Gecko/20100101 Firefox/78.0"
::1 - - [01/Aug/2020:20:55:25 +0000] "GET /favicon.ico HTTP/1.1" 404 - "-" "Mozilla/5.0 (Windows NT 10.0; Win64; x64; rv:78.0) Gecko/20100101 Firefox/78.0"
::1 - - [01/Aug/2020:20:55:30 +0000] "POST /login HTTP/1.1" 302 46 "http://localhost:3000/login" "Mozilla/5.0 (Windows NT 10.0; Win64; x64; rv:78.0) Gecko/20100101 Firefox/78.0"
::1 - - [01/Aug/2020:20:55:30 +0000] "GET / HTTP/1.1" 200 - "http://localhost:3000/login" "Mozilla/5.0 (Windows NT 10.0; Win64; x64; rv:78.0) Gecko/20100101 Firefox/78.0"
::1 - - [01/Aug/2020:20:55:30 +0000] "GET /css/product.css HTTP/1.1" 200 379 "http://localhost:3000/" "Mozilla/5.0 (Windows NT 10.0; Win64; x64; rv:78.0) Gecko/20100101 Firefox/78.0"
::1 - - [01/Aug/2020:20:55:30 +0000] "GET /js/main.js HTTP/1.1" 200 519 "http://localhost:3000/" "Mozilla/5.0 (Windows NT 10.0; Win64; x64; rv:78.0) Gecko/20100101 Firefox/78.0"
::1 - - [01/Aug/2020:20:55:30 +0000] "GET /css/main.css HTTP/1.1" 200 - "http://localhost:3000/" "Mozilla/5.0 (Windows NT 10.0; Win64; x64; rv:78.0) Gecko/20100101 Firefox/78.0"
::1 - - [01/Aug/2020:20:55:30 +0000] "GET /images/1596253184992-iphone11.jpg HTTP/1.1" 200 4496 "http://localhost:3000/" "Mozilla/5.0 (Windows NT 10.0; Win64; x64; rv:78.0) Gecko/20100101 Firefox/78.0"
::1 - - [01/Aug/2020:20:55:30 +0000] "GET /images/1596254623083-airpods_pro.jpg HTTP/1.1" 200 2859 "http://localhost:3000/" "Mozilla/5.0 (Windows NT 10.0; Win64; x64; rv:78.0) Gecko/20100101 Firefox/78.0"
::1 - - [01/Aug/2020:20:55:31 +0000] "GET /favicon.ico HTTP/1.1" 404 - "-" "Mozilla/5.0 (Windows NT 10.0; Win64; x64; rv:78.0) Gecko/20100101 Firefox/78.0"
::1 - - [01/Aug/2020:20:55:39 +0000] "GET /products/5f24e401df74ea28d8e96727 HTTP/1.1" 200 - "http://localhost:3000/" "Mozilla/5.0 (Windows NT 10.0; Win64; x64; rv:78.0) Gecko/20100101 Firefox/78.0"
::1 - - [01/Aug/2020:20:55:39 +0000] "GET /js/main.js HTTP/1.1" 200 519 "http://localhost:3000/products/5f24e401df74ea28d8e96727" "Mozilla/5.0 (Windows NT 10.0; Win64; x64; rv:78.0) Gecko/20100101 Firefox/78.0"
::1 - - [01/Aug/2020:20:55:39 +0000] "GET /css/main.css HTTP/1.1" 200 - "http://localhost:3000/products/5f24e401df74ea28d8e96727" "Mozilla/5.0 (Windows NT 10.0; Win64; x64; rv:78.0) Gecko/20100101 Firefox/78.0"
::1 - - [01/Aug/2020:20:55:39 +0000] "GET /images/1596253184992-iphone11.jpg HTTP/1.1" 200 4496 "http://localhost:3000/products/5f24e401df74ea28d8e96727" "Mozilla/5.0 (Windows NT 10.0; Win64; x64; rv:78.0) Gecko/20100101 Firefox/78.0"
::1 - - [01/Aug/2020:20:55:40 +0000] "GET /favicon.ico HTTP/1.1" 404 - "-" "Mozilla/5.0 (Windows NT 10.0; Win64; x64; rv:78.0) Gecko/20100101 Firefox/78.0"
::1 - - [01/Aug/2020:20:55:48 +0000] "POST /cart HTTP/1.1" 302 54 "http://localhost:3000/products/5f24e401df74ea28d8e96727" "Mozilla/5.0 (Windows NT 10.0; Win64; x64; rv:78.0) Gecko/20100101 Firefox/78.0"
::1 - - [01/Aug/2020:20:55:48 +0000] "GET /cart HTTP/1.1" 500 - "http://localhost:3000/products/5f24e401df74ea28d8e96727" "Mozilla/5.0 (Windows NT 10.0; Win64; x64; rv:78.0) Gecko/20100101 Firefox/78.0"
::1 - - [01/Aug/2020:20:55:48 +0000] "GET /css/main.css HTTP/1.1" 200 - "http://localhost:3000/cart" "Mozilla/5.0 (Windows NT 10.0; Win64; x64; rv:78.0) Gecko/20100101 Firefox/78.0"
::1 - - [01/Aug/2020:20:55:48 +0000] "GET /js/main.js HTTP/1.1" 200 519 "http://localhost:3000/cart" "Mozilla/5.0 (Windows NT 10.0; Win64; x64; rv:78.0) Gecko/20100101 Firefox/78.0"
::1 - - [01/Aug/2020:20:55:48 +0000] "GET /favicon.ico HTTP/1.1" 404 - "-" "Mozilla/5.0 (Windows NT 10.0; Win64; x64; rv:78.0) Gecko/20100101 Firefox/78.0"
::1 - - [01/Aug/2020:20:56:55 +0000] "GET /cart HTTP/1.1" 500 - "http://localhost:3000/products/5f24e401df74ea28d8e96727" "Mozilla/5.0 (Windows NT 10.0; Win64; x64; rv:78.0) Gecko/20100101 Firefox/78.0"
::1 - - [01/Aug/2020:20:56:55 +0000] "GET /js/main.js HTTP/1.1" 200 519 "http://localhost:3000/cart" "Mozilla/5.0 (Windows NT 10.0; Win64; x64; rv:78.0) Gecko/20100101 Firefox/78.0"
::1 - - [01/Aug/2020:20:56:55 +0000] "GET /css/main.css HTTP/1.1" 200 - "http://localhost:3000/cart" "Mozilla/5.0 (Windows NT 10.0; Win64; x64; rv:78.0) Gecko/20100101 Firefox/78.0"
::1 - - [01/Aug/2020:20:56:55 +0000] "GET /favicon.ico HTTP/1.1" 404 - "-" "Mozilla/5.0 (Windows NT 10.0; Win64; x64; rv:78.0) Gecko/20100101 Firefox/78.0"
::1 - - [01/Aug/2020:21:14:07 +0000] "GET / HTTP/1.1" 200 - "-" "Mozilla/5.0 (Windows NT 10.0; Win64; x64; rv:78.0) Gecko/20100101 Firefox/78.0"
::1 - - [01/Aug/2020:21:14:07 +0000] "GET /css/product.css HTTP/1.1" 200 379 "http://localhost:3000/" "Mozilla/5.0 (Windows NT 10.0; Win64; x64; rv:78.0) Gecko/20100101 Firefox/78.0"
::1 - - [01/Aug/2020:21:14:07 +0000] "GET /js/main.js HTTP/1.1" 200 519 "http://localhost:3000/" "Mozilla/5.0 (Windows NT 10.0; Win64; x64; rv:78.0) Gecko/20100101 Firefox/78.0"
::1 - - [01/Aug/2020:21:14:07 +0000] "GET /css/main.css HTTP/1.1" 200 - "http://localhost:3000/" "Mozilla/5.0 (Windows NT 10.0; Win64; x64; rv:78.0) Gecko/20100101 Firefox/78.0"
::1 - - [01/Aug/2020:21:14:07 +0000] "GET /favicon.ico HTTP/1.1" 404 - "-" "Mozilla/5.0 (Windows NT 10.0; Win64; x64; rv:78.0) Gecko/20100101 Firefox/78.0"
::1 - - [01/Aug/2020:21:14:10 +0000] "GET /login HTTP/1.1" 200 - "http://localhost:3000/" "Mozilla/5.0 (Windows NT 10.0; Win64; x64; rv:78.0) Gecko/20100101 Firefox/78.0"
::1 - - [01/Aug/2020:21:14:10 +0000] "GET /css/forms.css HTTP/1.1" 200 454 "http://localhost:3000/login" "Mozilla/5.0 (Windows NT 10.0; Win64; x64; rv:78.0) Gecko/20100101 Firefox/78.0"
::1 - - [01/Aug/2020:21:14:10 +0000] "GET /css/auth.css HTTP/1.1" 200 84 "http://localhost:3000/login" "Mozilla/5.0 (Windows NT 10.0; Win64; x64; rv:78.0) Gecko/20100101 Firefox/78.0"
::1 - - [01/Aug/2020:21:14:10 +0000] "GET /js/main.js HTTP/1.1" 200 519 "http://localhost:3000/login" "Mozilla/5.0 (Windows NT 10.0; Win64; x64; rv:78.0) Gecko/20100101 Firefox/78.0"
::1 - - [01/Aug/2020:21:14:10 +0000] "GET /css/main.css HTTP/1.1" 200 - "http://localhost:3000/login" "Mozilla/5.0 (Windows NT 10.0; Win64; x64; rv:78.0) Gecko/20100101 Firefox/78.0"
::1 - - [01/Aug/2020:21:14:10 +0000] "GET /favicon.ico HTTP/1.1" 404 - "-" "Mozilla/5.0 (Windows NT 10.0; Win64; x64; rv:78.0) Gecko/20100101 Firefox/78.0"
::1 - - [01/Aug/2020:21:14:11 +0000] "GET /signup HTTP/1.1" 200 - "http://localhost:3000/login" "Mozilla/5.0 (Windows NT 10.0; Win64; x64; rv:78.0) Gecko/20100101 Firefox/78.0"
::1 - - [01/Aug/2020:21:14:11 +0000] "GET /css/forms.css HTTP/1.1" 200 454 "http://localhost:3000/signup" "Mozilla/5.0 (Windows NT 10.0; Win64; x64; rv:78.0) Gecko/20100101 Firefox/78.0"
::1 - - [01/Aug/2020:21:14:11 +0000] "GET /css/auth.css HTTP/1.1" 200 84 "http://localhost:3000/signup" "Mozilla/5.0 (Windows NT 10.0; Win64; x64; rv:78.0) Gecko/20100101 Firefox/78.0"
::1 - - [01/Aug/2020:21:14:11 +0000] "GET /js/main.js HTTP/1.1" 200 519 "http://localhost:3000/signup" "Mozilla/5.0 (Windows NT 10.0; Win64; x64; rv:78.0) Gecko/20100101 Firefox/78.0"
::1 - - [01/Aug/2020:21:14:11 +0000] "GET /css/main.css HTTP/1.1" 200 - "http://localhost:3000/signup" "Mozilla/5.0 (Windows NT 10.0; Win64; x64; rv:78.0) Gecko/20100101 Firefox/78.0"
::1 - - [01/Aug/2020:21:14:11 +0000] "GET /favicon.ico HTTP/1.1" 404 - "-" "Mozilla/5.0 (Windows NT 10.0; Win64; x64; rv:78.0) Gecko/20100101 Firefox/78.0"
::1 - - [01/Aug/2020:21:14:20 +0000] "POST /signup HTTP/1.1" 302 56 "http://localhost:3000/signup" "Mozilla/5.0 (Windows NT 10.0; Win64; x64; rv:78.0) Gecko/20100101 Firefox/78.0"
::1 - - [01/Aug/2020:21:14:20 +0000] "GET /login HTTP/1.1" 200 - "http://localhost:3000/signup" "Mozilla/5.0 (Windows NT 10.0; Win64; x64; rv:78.0) Gecko/20100101 Firefox/78.0"
::1 - - [01/Aug/2020:21:14:20 +0000] "GET /css/forms.css HTTP/1.1" 200 454 "http://localhost:3000/login" "Mozilla/5.0 (Windows NT 10.0; Win64; x64; rv:78.0) Gecko/20100101 Firefox/78.0"
::1 - - [01/Aug/2020:21:14:20 +0000] "GET /css/auth.css HTTP/1.1" 200 84 "http://localhost:3000/login" "Mozilla/5.0 (Windows NT 10.0; Win64; x64; rv:78.0) Gecko/20100101 Firefox/78.0"
::1 - - [01/Aug/2020:21:14:20 +0000] "GET /js/main.js HTTP/1.1" 200 519 "http://localhost:3000/login" "Mozilla/5.0 (Windows NT 10.0; Win64; x64; rv:78.0) Gecko/20100101 Firefox/78.0"
::1 - - [01/Aug/2020:21:14:20 +0000] "GET /css/main.css HTTP/1.1" 200 - "http://localhost:3000/login" "Mozilla/5.0 (Windows NT 10.0; Win64; x64; rv:78.0) Gecko/20100101 Firefox/78.0"
::1 - - [01/Aug/2020:21:14:20 +0000] "GET /favicon.ico HTTP/1.1" 404 - "-" "Mozilla/5.0 (Windows NT 10.0; Win64; x64; rv:78.0) Gecko/20100101 Firefox/78.0"
::1 - - [01/Aug/2020:21:14:25 +0000] "POST /login HTTP/1.1" 302 46 "http://localhost:3000/login" "Mozilla/5.0 (Windows NT 10.0; Win64; x64; rv:78.0) Gecko/20100101 Firefox/78.0"
::1 - - [01/Aug/2020:21:14:25 +0000] "GET / HTTP/1.1" 200 - "http://localhost:3000/login" "Mozilla/5.0 (Windows NT 10.0; Win64; x64; rv:78.0) Gecko/20100101 Firefox/78.0"
::1 - - [01/Aug/2020:21:14:25 +0000] "GET /css/product.css HTTP/1.1" 200 379 "http://localhost:3000/" "Mozilla/5.0 (Windows NT 10.0; Win64; x64; rv:78.0) Gecko/20100101 Firefox/78.0"
::1 - - [01/Aug/2020:21:14:25 +0000] "GET /css/main.css HTTP/1.1" 200 - "http://localhost:3000/" "Mozilla/5.0 (Windows NT 10.0; Win64; x64; rv:78.0) Gecko/20100101 Firefox/78.0"
::1 - - [01/Aug/2020:21:14:25 +0000] "GET /js/main.js HTTP/1.1" 200 519 "http://localhost:3000/" "Mozilla/5.0 (Windows NT 10.0; Win64; x64; rv:78.0) Gecko/20100101 Firefox/78.0"
::1 - - [01/Aug/2020:21:14:25 +0000] "GET /favicon.ico HTTP/1.1" 404 - "-" "Mozilla/5.0 (Windows NT 10.0; Win64; x64; rv:78.0) Gecko/20100101 Firefox/78.0"
::1 - - [01/Aug/2020:21:14:28 +0000] "GET /products HTTP/1.1" 200 - "http://localhost:3000/" "Mozilla/5.0 (Windows NT 10.0; Win64; x64; rv:78.0) Gecko/20100101 Firefox/78.0"
::1 - - [01/Aug/2020:21:14:29 +0000] "GET /css/product.css HTTP/1.1" 200 379 "http://localhost:3000/products" "Mozilla/5.0 (Windows NT 10.0; Win64; x64; rv:78.0) Gecko/20100101 Firefox/78.0"
::1 - - [01/Aug/2020:21:14:29 +0000] "GET /js/main.js HTTP/1.1" 200 519 "http://localhost:3000/products" "Mozilla/5.0 (Windows NT 10.0; Win64; x64; rv:78.0) Gecko/20100101 Firefox/78.0"
::1 - - [01/Aug/2020:21:14:29 +0000] "GET /css/main.css HTTP/1.1" 200 - "http://localhost:3000/products" "Mozilla/5.0 (Windows NT 10.0; Win64; x64; rv:78.0) Gecko/20100101 Firefox/78.0"
::1 - - [01/Aug/2020:21:14:29 +0000] "GET /favicon.ico HTTP/1.1" 404 - "-" "Mozilla/5.0 (Windows NT 10.0; Win64; x64; rv:78.0) Gecko/20100101 Firefox/78.0"
::1 - - [01/Aug/2020:21:14:30 +0000] "GET /cart HTTP/1.1" 200 - "http://localhost:3000/products" "Mozilla/5.0 (Windows NT 10.0; Win64; x64; rv:78.0) Gecko/20100101 Firefox/78.0"
::1 - - [01/Aug/2020:21:14:30 +0000] "GET /js/main.js HTTP/1.1" 200 519 "http://localhost:3000/cart" "Mozilla/5.0 (Windows NT 10.0; Win64; x64; rv:78.0) Gecko/20100101 Firefox/78.0"
::1 - - [01/Aug/2020:21:14:30 +0000] "GET /css/main.css HTTP/1.1" 200 - "http://localhost:3000/cart" "Mozilla/5.0 (Windows NT 10.0; Win64; x64; rv:78.0) Gecko/20100101 Firefox/78.0"
::1 - - [01/Aug/2020:21:14:30 +0000] "GET /css/cart.css HTTP/1.1" 200 387 "http://localhost:3000/cart" "Mozilla/5.0 (Windows NT 10.0; Win64; x64; rv:78.0) Gecko/20100101 Firefox/78.0"
::1 - - [01/Aug/2020:21:14:30 +0000] "GET /favicon.ico HTTP/1.1" 404 - "-" "Mozilla/5.0 (Windows NT 10.0; Win64; x64; rv:78.0) Gecko/20100101 Firefox/78.0"
::1 - - [01/Aug/2020:21:14:31 +0000] "GET /orders HTTP/1.1" 200 - "http://localhost:3000/cart" "Mozilla/5.0 (Windows NT 10.0; Win64; x64; rv:78.0) Gecko/20100101 Firefox/78.0"
::1 - - [01/Aug/2020:21:14:31 +0000] "GET /js/main.js HTTP/1.1" 200 519 "http://localhost:3000/orders" "Mozilla/5.0 (Windows NT 10.0; Win64; x64; rv:78.0) Gecko/20100101 Firefox/78.0"
::1 - - [01/Aug/2020:21:14:31 +0000] "GET /css/main.css HTTP/1.1" 200 - "http://localhost:3000/orders" "Mozilla/5.0 (Windows NT 10.0; Win64; x64; rv:78.0) Gecko/20100101 Firefox/78.0"
::1 - - [01/Aug/2020:21:14:31 +0000] "GET /css/orders.css HTTP/1.1" 200 419 "http://localhost:3000/orders" "Mozilla/5.0 (Windows NT 10.0; Win64; x64; rv:78.0) Gecko/20100101 Firefox/78.0"
::1 - - [01/Aug/2020:21:14:31 +0000] "GET /favicon.ico HTTP/1.1" 404 - "-" "Mozilla/5.0 (Windows NT 10.0; Win64; x64; rv:78.0) Gecko/20100101 Firefox/78.0"
::1 - - [01/Aug/2020:21:14:32 +0000] "GET /admin/add-product HTTP/1.1" 200 - "http://localhost:3000/orders" "Mozilla/5.0 (Windows NT 10.0; Win64; x64; rv:78.0) Gecko/20100101 Firefox/78.0"
::1 - - [01/Aug/2020:21:14:32 +0000] "GET /css/forms.css HTTP/1.1" 200 454 "http://localhost:3000/admin/add-product" "Mozilla/5.0 (Windows NT 10.0; Win64; x64; rv:78.0) Gecko/20100101 Firefox/78.0"
::1 - - [01/Aug/2020:21:14:32 +0000] "GET /css/product.css HTTP/1.1" 200 379 "http://localhost:3000/admin/add-product" "Mozilla/5.0 (Windows NT 10.0; Win64; x64; rv:78.0) Gecko/20100101 Firefox/78.0"
::1 - - [01/Aug/2020:21:14:32 +0000] "GET /css/main.css HTTP/1.1" 200 - "http://localhost:3000/admin/add-product" "Mozilla/5.0 (Windows NT 10.0; Win64; x64; rv:78.0) Gecko/20100101 Firefox/78.0"
::1 - - [01/Aug/2020:21:14:32 +0000] "GET /js/main.js HTTP/1.1" 200 519 "http://localhost:3000/admin/add-product" "Mozilla/5.0 (Windows NT 10.0; Win64; x64; rv:78.0) Gecko/20100101 Firefox/78.0"
::1 - - [01/Aug/2020:21:14:32 +0000] "GET /favicon.ico HTTP/1.1" 404 - "-" "Mozilla/5.0 (Windows NT 10.0; Win64; x64; rv:78.0) Gecko/20100101 Firefox/78.0"
::1 - - [01/Aug/2020:21:15:56 +0000] "POST /admin/add-product HTTP/1.1" 302 74 "http://localhost:3000/admin/add-product" "Mozilla/5.0 (Windows NT 10.0; Win64; x64; rv:78.0) Gecko/20100101 Firefox/78.0"
::1 - - [01/Aug/2020:21:15:56 +0000] "GET /admin/products HTTP/1.1" 200 - "http://localhost:3000/admin/add-product" "Mozilla/5.0 (Windows NT 10.0; Win64; x64; rv:78.0) Gecko/20100101 Firefox/78.0"
::1 - - [01/Aug/2020:21:15:56 +0000] "GET /css/product.css HTTP/1.1" 200 379 "http://localhost:3000/admin/products" "Mozilla/5.0 (Windows NT 10.0; Win64; x64; rv:78.0) Gecko/20100101 Firefox/78.0"
::1 - - [01/Aug/2020:21:15:56 +0000] "GET /css/main.css HTTP/1.1" 200 - "http://localhost:3000/admin/products" "Mozilla/5.0 (Windows NT 10.0; Win64; x64; rv:78.0) Gecko/20100101 Firefox/78.0"
::1 - - [01/Aug/2020:21:15:56 +0000] "GET /js/main.js HTTP/1.1" 200 519 "http://localhost:3000/admin/products" "Mozilla/5.0 (Windows NT 10.0; Win64; x64; rv:78.0) Gecko/20100101 Firefox/78.0"
::1 - - [01/Aug/2020:21:15:56 +0000] "GET /images/1596316556092-profile_pic.jpg HTTP/1.1" 200 130320 "http://localhost:3000/admin/products" "Mozilla/5.0 (Windows NT 10.0; Win64; x64; rv:78.0) Gecko/20100101 Firefox/78.0"
::1 - - [01/Aug/2020:21:15:56 +0000] "GET /js/admin.js HTTP/1.1" 200 558 "http://localhost:3000/admin/products" "Mozilla/5.0 (Windows NT 10.0; Win64; x64; rv:78.0) Gecko/20100101 Firefox/78.0"
::1 - - [01/Aug/2020:21:15:57 +0000] "GET /favicon.ico HTTP/1.1" 404 - "-" "Mozilla/5.0 (Windows NT 10.0; Win64; x64; rv:78.0) Gecko/20100101 Firefox/78.0"
::1 - - [01/Aug/2020:21:16:01 +0000] "GET /admin/add-product HTTP/1.1" 200 - "http://localhost:3000/admin/products" "Mozilla/5.0 (Windows NT 10.0; Win64; x64; rv:78.0) Gecko/20100101 Firefox/78.0"
::1 - - [01/Aug/2020:21:16:01 +0000] "GET /css/forms.css HTTP/1.1" 200 454 "http://localhost:3000/admin/add-product" "Mozilla/5.0 (Windows NT 10.0; Win64; x64; rv:78.0) Gecko/20100101 Firefox/78.0"
::1 - - [01/Aug/2020:21:16:01 +0000] "GET /css/product.css HTTP/1.1" 200 379 "http://localhost:3000/admin/add-product" "Mozilla/5.0 (Windows NT 10.0; Win64; x64; rv:78.0) Gecko/20100101 Firefox/78.0"
::1 - - [01/Aug/2020:21:16:01 +0000] "GET /js/main.js HTTP/1.1" 200 519 "http://localhost:3000/admin/add-product" "Mozilla/5.0 (Windows NT 10.0; Win64; x64; rv:78.0) Gecko/20100101 Firefox/78.0"
::1 - - [01/Aug/2020:21:16:01 +0000] "GET /css/main.css HTTP/1.1" 200 - "http://localhost:3000/admin/add-product" "Mozilla/5.0 (Windows NT 10.0; Win64; x64; rv:78.0) Gecko/20100101 Firefox/78.0"
::1 - - [01/Aug/2020:21:16:01 +0000] "GET /favicon.ico HTTP/1.1" 404 - "-" "Mozilla/5.0 (Windows NT 10.0; Win64; x64; rv:78.0) Gecko/20100101 Firefox/78.0"
::1 - - [01/Aug/2020:21:16:04 +0000] "GET /products HTTP/1.1" 200 - "http://localhost:3000/admin/add-product" "Mozilla/5.0 (Windows NT 10.0; Win64; x64; rv:78.0) Gecko/20100101 Firefox/78.0"
::1 - - [01/Aug/2020:21:16:04 +0000] "GET /css/product.css HTTP/1.1" 200 379 "http://localhost:3000/products" "Mozilla/5.0 (Windows NT 10.0; Win64; x64; rv:78.0) Gecko/20100101 Firefox/78.0"
::1 - - [01/Aug/2020:21:16:04 +0000] "GET /js/main.js HTTP/1.1" 200 519 "http://localhost:3000/products" "Mozilla/5.0 (Windows NT 10.0; Win64; x64; rv:78.0) Gecko/20100101 Firefox/78.0"
::1 - - [01/Aug/2020:21:16:04 +0000] "GET /css/main.css HTTP/1.1" 200 - "http://localhost:3000/products" "Mozilla/5.0 (Windows NT 10.0; Win64; x64; rv:78.0) Gecko/20100101 Firefox/78.0"
::1 - - [01/Aug/2020:21:16:04 +0000] "GET /images/1596316556092-profile_pic.jpg HTTP/1.1" 200 130320 "http://localhost:3000/products" "Mozilla/5.0 (Windows NT 10.0; Win64; x64; rv:78.0) Gecko/20100101 Firefox/78.0"
::1 - - [01/Aug/2020:21:16:04 +0000] "GET /favicon.ico HTTP/1.1" 404 - "-" "Mozilla/5.0 (Windows NT 10.0; Win64; x64; rv:78.0) Gecko/20100101 Firefox/78.0"
::1 - - [01/Aug/2020:21:16:05 +0000] "POST /cart HTTP/1.1" 302 54 "http://localhost:3000/products" "Mozilla/5.0 (Windows NT 10.0; Win64; x64; rv:78.0) Gecko/20100101 Firefox/78.0"
::1 - - [01/Aug/2020:21:16:06 +0000] "GET /cart HTTP/1.1" 200 - "http://localhost:3000/products" "Mozilla/5.0 (Windows NT 10.0; Win64; x64; rv:78.0) Gecko/20100101 Firefox/78.0"
::1 - - [01/Aug/2020:21:16:06 +0000] "GET /css/cart.css HTTP/1.1" 200 387 "http://localhost:3000/cart" "Mozilla/5.0 (Windows NT 10.0; Win64; x64; rv:78.0) Gecko/20100101 Firefox/78.0"
::1 - - [01/Aug/2020:21:16:06 +0000] "GET /js/main.js HTTP/1.1" 200 519 "http://localhost:3000/cart" "Mozilla/5.0 (Windows NT 10.0; Win64; x64; rv:78.0) Gecko/20100101 Firefox/78.0"
::1 - - [01/Aug/2020:21:16:06 +0000] "GET /css/main.css HTTP/1.1" 200 - "http://localhost:3000/cart" "Mozilla/5.0 (Windows NT 10.0; Win64; x64; rv:78.0) Gecko/20100101 Firefox/78.0"
::1 - - [01/Aug/2020:21:16:06 +0000] "GET /favicon.ico HTTP/1.1" 404 - "-" "Mozilla/5.0 (Windows NT 10.0; Win64; x64; rv:78.0) Gecko/20100101 Firefox/78.0"
::1 - - [01/Aug/2020:21:16:09 +0000] "GET /checkout HTTP/1.1" 200 - "http://localhost:3000/cart" "Mozilla/5.0 (Windows NT 10.0; Win64; x64; rv:78.0) Gecko/20100101 Firefox/78.0"
::1 - - [01/Aug/2020:21:16:09 +0000] "GET /css/cart.css HTTP/1.1" 200 387 "http://localhost:3000/checkout" "Mozilla/5.0 (Windows NT 10.0; Win64; x64; rv:78.0) Gecko/20100101 Firefox/78.0"
::1 - - [01/Aug/2020:21:16:09 +0000] "GET /js/main.js HTTP/1.1" 200 519 "http://localhost:3000/checkout" "Mozilla/5.0 (Windows NT 10.0; Win64; x64; rv:78.0) Gecko/20100101 Firefox/78.0"
::1 - - [01/Aug/2020:21:16:09 +0000] "GET /css/main.css HTTP/1.1" 200 - "http://localhost:3000/checkout" "Mozilla/5.0 (Windows NT 10.0; Win64; x64; rv:78.0) Gecko/20100101 Firefox/78.0"
::1 - - [01/Aug/2020:21:16:10 +0000] "GET /favicon.ico HTTP/1.1" 404 - "-" "Mozilla/5.0 (Windows NT 10.0; Win64; x64; rv:78.0) Gecko/20100101 Firefox/78.0"
::1 - - [01/Aug/2020:21:17:03 +0000] "POST /logout HTTP/1.1" 302 46 "http://localhost:3000/checkout" "Mozilla/5.0 (Windows NT 10.0; Win64; x64; rv:78.0) Gecko/20100101 Firefox/78.0"
::1 - - [01/Aug/2020:21:17:03 +0000] "GET / HTTP/1.1" 200 - "http://localhost:3000/checkout" "Mozilla/5.0 (Windows NT 10.0; Win64; x64; rv:78.0) Gecko/20100101 Firefox/78.0"
::1 - - [01/Aug/2020:21:17:03 +0000] "GET /css/main.css HTTP/1.1" 200 - "http://localhost:3000/" "Mozilla/5.0 (Windows NT 10.0; Win64; x64; rv:78.0) Gecko/20100101 Firefox/78.0"
::1 - - [01/Aug/2020:21:17:03 +0000] "GET /css/product.css HTTP/1.1" 200 379 "http://localhost:3000/" "Mozilla/5.0 (Windows NT 10.0; Win64; x64; rv:78.0) Gecko/20100101 Firefox/78.0"
::1 - - [01/Aug/2020:21:17:03 +0000] "GET /js/main.js HTTP/1.1" 200 519 "http://localhost:3000/" "Mozilla/5.0 (Windows NT 10.0; Win64; x64; rv:78.0) Gecko/20100101 Firefox/78.0"
::1 - - [01/Aug/2020:21:17:03 +0000] "GET /images/1596316556092-profile_pic.jpg HTTP/1.1" 200 130320 "http://localhost:3000/" "Mozilla/5.0 (Windows NT 10.0; Win64; x64; rv:78.0) Gecko/20100101 Firefox/78.0"
::1 - - [01/Aug/2020:21:17:03 +0000] "GET /favicon.ico HTTP/1.1" 404 - "-" "Mozilla/5.0 (Windows NT 10.0; Win64; x64; rv:78.0) Gecko/20100101 Firefox/78.0"
::1 - - [01/Aug/2020:21:17:06 +0000] "GET /signup HTTP/1.1" 200 - "http://localhost:3000/" "Mozilla/5.0 (Windows NT 10.0; Win64; x64; rv:78.0) Gecko/20100101 Firefox/78.0"
::1 - - [01/Aug/2020:21:17:06 +0000] "GET /css/main.css HTTP/1.1" 200 - "http://localhost:3000/signup" "Mozilla/5.0 (Windows NT 10.0; Win64; x64; rv:78.0) Gecko/20100101 Firefox/78.0"
::1 - - [01/Aug/2020:21:17:06 +0000] "GET /css/forms.css HTTP/1.1" 200 454 "http://localhost:3000/signup" "Mozilla/5.0 (Windows NT 10.0; Win64; x64; rv:78.0) Gecko/20100101 Firefox/78.0"
::1 - - [01/Aug/2020:21:17:06 +0000] "GET /css/auth.css HTTP/1.1" 200 84 "http://localhost:3000/signup" "Mozilla/5.0 (Windows NT 10.0; Win64; x64; rv:78.0) Gecko/20100101 Firefox/78.0"
::1 - - [01/Aug/2020:21:17:06 +0000] "GET /js/main.js HTTP/1.1" 200 519 "http://localhost:3000/signup" "Mozilla/5.0 (Windows NT 10.0; Win64; x64; rv:78.0) Gecko/20100101 Firefox/78.0"
::1 - - [01/Aug/2020:21:17:06 +0000] "GET /favicon.ico HTTP/1.1" 404 - "-" "Mozilla/5.0 (Windows NT 10.0; Win64; x64; rv:78.0) Gecko/20100101 Firefox/78.0"
::1 - - [01/Aug/2020:21:17:17 +0000] "POST /signup HTTP/1.1" 302 56 "http://localhost:3000/signup" "Mozilla/5.0 (Windows NT 10.0; Win64; x64; rv:78.0) Gecko/20100101 Firefox/78.0"
::1 - - [01/Aug/2020:21:17:17 +0000] "GET /login HTTP/1.1" 200 - "http://localhost:3000/signup" "Mozilla/5.0 (Windows NT 10.0; Win64; x64; rv:78.0) Gecko/20100101 Firefox/78.0"
::1 - - [01/Aug/2020:21:17:17 +0000] "GET /css/forms.css HTTP/1.1" 200 454 "http://localhost:3000/login" "Mozilla/5.0 (Windows NT 10.0; Win64; x64; rv:78.0) Gecko/20100101 Firefox/78.0"
::1 - - [01/Aug/2020:21:17:17 +0000] "GET /css/main.css HTTP/1.1" 200 - "http://localhost:3000/login" "Mozilla/5.0 (Windows NT 10.0; Win64; x64; rv:78.0) Gecko/20100101 Firefox/78.0"
::1 - - [01/Aug/2020:21:17:17 +0000] "GET /css/auth.css HTTP/1.1" 200 84 "http://localhost:3000/login" "Mozilla/5.0 (Windows NT 10.0; Win64; x64; rv:78.0) Gecko/20100101 Firefox/78.0"
::1 - - [01/Aug/2020:21:17:17 +0000] "GET /js/main.js HTTP/1.1" 200 519 "http://localhost:3000/login" "Mozilla/5.0 (Windows NT 10.0; Win64; x64; rv:78.0) Gecko/20100101 Firefox/78.0"
::1 - - [01/Aug/2020:21:17:17 +0000] "GET /favicon.ico HTTP/1.1" 404 - "-" "Mozilla/5.0 (Windows NT 10.0; Win64; x64; rv:78.0) Gecko/20100101 Firefox/78.0"
::1 - - [01/Aug/2020:21:17:25 +0000] "POST /login HTTP/1.1" 302 46 "http://localhost:3000/login" "Mozilla/5.0 (Windows NT 10.0; Win64; x64; rv:78.0) Gecko/20100101 Firefox/78.0"
::1 - - [01/Aug/2020:21:17:25 +0000] "GET / HTTP/1.1" 200 - "http://localhost:3000/login" "Mozilla/5.0 (Windows NT 10.0; Win64; x64; rv:78.0) Gecko/20100101 Firefox/78.0"
::1 - - [01/Aug/2020:21:17:25 +0000] "GET /css/product.css HTTP/1.1" 200 379 "http://localhost:3000/" "Mozilla/5.0 (Windows NT 10.0; Win64; x64; rv:78.0) Gecko/20100101 Firefox/78.0"
::1 - - [01/Aug/2020:21:17:25 +0000] "GET /css/main.css HTTP/1.1" 200 - "http://localhost:3000/" "Mozilla/5.0 (Windows NT 10.0; Win64; x64; rv:78.0) Gecko/20100101 Firefox/78.0"
::1 - - [01/Aug/2020:21:17:25 +0000] "GET /js/main.js HTTP/1.1" 200 519 "http://localhost:3000/" "Mozilla/5.0 (Windows NT 10.0; Win64; x64; rv:78.0) Gecko/20100101 Firefox/78.0"
::1 - - [01/Aug/2020:21:17:25 +0000] "GET /images/1596316556092-profile_pic.jpg HTTP/1.1" 200 130320 "http://localhost:3000/" "Mozilla/5.0 (Windows NT 10.0; Win64; x64; rv:78.0) Gecko/20100101 Firefox/78.0"
::1 - - [01/Aug/2020:21:17:25 +0000] "GET /favicon.ico HTTP/1.1" 404 - "-" "Mozilla/5.0 (Windows NT 10.0; Win64; x64; rv:78.0) Gecko/20100101 Firefox/78.0"
::1 - - [01/Aug/2020:21:17:41 +0000] "GET /admin/add-product HTTP/1.1" 200 - "http://localhost:3000/" "Mozilla/5.0 (Windows NT 10.0; Win64; x64; rv:78.0) Gecko/20100101 Firefox/78.0"
::1 - - [01/Aug/2020:21:17:41 +0000] "GET /css/forms.css HTTP/1.1" 200 454 "http://localhost:3000/admin/add-product" "Mozilla/5.0 (Windows NT 10.0; Win64; x64; rv:78.0) Gecko/20100101 Firefox/78.0"
::1 - - [01/Aug/2020:21:17:41 +0000] "GET /css/product.css HTTP/1.1" 200 379 "http://localhost:3000/admin/add-product" "Mozilla/5.0 (Windows NT 10.0; Win64; x64; rv:78.0) Gecko/20100101 Firefox/78.0"
::1 - - [01/Aug/2020:21:17:41 +0000] "GET /css/main.css HTTP/1.1" 200 - "http://localhost:3000/admin/add-product" "Mozilla/5.0 (Windows NT 10.0; Win64; x64; rv:78.0) Gecko/20100101 Firefox/78.0"
::1 - - [01/Aug/2020:21:17:41 +0000] "GET /js/main.js HTTP/1.1" 200 519 "http://localhost:3000/admin/add-product" "Mozilla/5.0 (Windows NT 10.0; Win64; x64; rv:78.0) Gecko/20100101 Firefox/78.0"
::1 - - [01/Aug/2020:21:17:41 +0000] "GET /favicon.ico HTTP/1.1" 404 - "-" "Mozilla/5.0 (Windows NT 10.0; Win64; x64; rv:78.0) Gecko/20100101 Firefox/78.0"
::1 - - [01/Aug/2020:21:18:19 +0000] "POST /admin/add-product HTTP/1.1" 302 74 "http://localhost:3000/admin/add-product" "Mozilla/5.0 (Windows NT 10.0; Win64; x64; rv:78.0) Gecko/20100101 Firefox/78.0"
::1 - - [01/Aug/2020:21:18:19 +0000] "GET /admin/products HTTP/1.1" 200 - "http://localhost:3000/admin/add-product" "Mozilla/5.0 (Windows NT 10.0; Win64; x64; rv:78.0) Gecko/20100101 Firefox/78.0"
::1 - - [01/Aug/2020:21:18:19 +0000] "GET /css/product.css HTTP/1.1" 200 379 "http://localhost:3000/admin/products" "Mozilla/5.0 (Windows NT 10.0; Win64; x64; rv:78.0) Gecko/20100101 Firefox/78.0"
::1 - - [01/Aug/2020:21:18:19 +0000] "GET /js/main.js HTTP/1.1" 200 519 "http://localhost:3000/admin/products" "Mozilla/5.0 (Windows NT 10.0; Win64; x64; rv:78.0) Gecko/20100101 Firefox/78.0"
::1 - - [01/Aug/2020:21:18:19 +0000] "GET /js/admin.js HTTP/1.1" 200 558 "http://localhost:3000/admin/products" "Mozilla/5.0 (Windows NT 10.0; Win64; x64; rv:78.0) Gecko/20100101 Firefox/78.0"
::1 - - [01/Aug/2020:21:18:19 +0000] "GET /css/main.css HTTP/1.1" 200 - "http://localhost:3000/admin/products" "Mozilla/5.0 (Windows NT 10.0; Win64; x64; rv:78.0) Gecko/20100101 Firefox/78.0"
::1 - - [01/Aug/2020:21:18:19 +0000] "GET /images/1596316699285-iphone11.jpg HTTP/1.1" 200 4496 "http://localhost:3000/admin/products" "Mozilla/5.0 (Windows NT 10.0; Win64; x64; rv:78.0) Gecko/20100101 Firefox/78.0"
::1 - - [01/Aug/2020:21:18:20 +0000] "GET /favicon.ico HTTP/1.1" 404 - "-" "Mozilla/5.0 (Windows NT 10.0; Win64; x64; rv:78.0) Gecko/20100101 Firefox/78.0"
::1 - - [01/Aug/2020:21:18:22 +0000] "GET /admin/add-product HTTP/1.1" 200 - "http://localhost:3000/admin/products" "Mozilla/5.0 (Windows NT 10.0; Win64; x64; rv:78.0) Gecko/20100101 Firefox/78.0"
::1 - - [01/Aug/2020:21:18:22 +0000] "GET /css/main.css HTTP/1.1" 200 - "http://localhost:3000/admin/add-product" "Mozilla/5.0 (Windows NT 10.0; Win64; x64; rv:78.0) Gecko/20100101 Firefox/78.0"
::1 - - [01/Aug/2020:21:18:22 +0000] "GET /css/forms.css HTTP/1.1" 200 454 "http://localhost:3000/admin/add-product" "Mozilla/5.0 (Windows NT 10.0; Win64; x64; rv:78.0) Gecko/20100101 Firefox/78.0"
::1 - - [01/Aug/2020:21:18:22 +0000] "GET /css/product.css HTTP/1.1" 200 379 "http://localhost:3000/admin/add-product" "Mozilla/5.0 (Windows NT 10.0; Win64; x64; rv:78.0) Gecko/20100101 Firefox/78.0"
::1 - - [01/Aug/2020:21:18:22 +0000] "GET /js/main.js HTTP/1.1" 200 519 "http://localhost:3000/admin/add-product" "Mozilla/5.0 (Windows NT 10.0; Win64; x64; rv:78.0) Gecko/20100101 Firefox/78.0"
::1 - - [01/Aug/2020:21:18:22 +0000] "GET /favicon.ico HTTP/1.1" 404 - "-" "Mozilla/5.0 (Windows NT 10.0; Win64; x64; rv:78.0) Gecko/20100101 Firefox/78.0"
::1 - - [01/Aug/2020:21:18:40 +0000] "POST /admin/add-product HTTP/1.1" 422 - "http://localhost:3000/admin/add-product" "Mozilla/5.0 (Windows NT 10.0; Win64; x64; rv:78.0) Gecko/20100101 Firefox/78.0"
::1 - - [01/Aug/2020:21:18:40 +0000] "GET /css/main.css HTTP/1.1" 200 - "http://localhost:3000/admin/add-product" "Mozilla/5.0 (Windows NT 10.0; Win64; x64; rv:78.0) Gecko/20100101 Firefox/78.0"
::1 - - [01/Aug/2020:21:18:40 +0000] "GET /css/forms.css HTTP/1.1" 200 454 "http://localhost:3000/admin/add-product" "Mozilla/5.0 (Windows NT 10.0; Win64; x64; rv:78.0) Gecko/20100101 Firefox/78.0"
::1 - - [01/Aug/2020:21:18:40 +0000] "GET /js/main.js HTTP/1.1" 200 519 "http://localhost:3000/admin/add-product" "Mozilla/5.0 (Windows NT 10.0; Win64; x64; rv:78.0) Gecko/20100101 Firefox/78.0"
::1 - - [01/Aug/2020:21:18:40 +0000] "GET /css/product.css HTTP/1.1" 200 379 "http://localhost:3000/admin/add-product" "Mozilla/5.0 (Windows NT 10.0; Win64; x64; rv:78.0) Gecko/20100101 Firefox/78.0"
::1 - - [01/Aug/2020:21:18:40 +0000] "GET /favicon.ico HTTP/1.1" 404 - "-" "Mozilla/5.0 (Windows NT 10.0; Win64; x64; rv:78.0) Gecko/20100101 Firefox/78.0"
::1 - - [01/Aug/2020:21:19:04 +0000] "POST /admin/add-product HTTP/1.1" 422 - "http://localhost:3000/admin/add-product" "Mozilla/5.0 (Windows NT 10.0; Win64; x64; rv:78.0) Gecko/20100101 Firefox/78.0"
::1 - - [01/Aug/2020:21:19:04 +0000] "GET /css/main.css HTTP/1.1" 200 - "http://localhost:3000/admin/add-product" "Mozilla/5.0 (Windows NT 10.0; Win64; x64; rv:78.0) Gecko/20100101 Firefox/78.0"
::1 - - [01/Aug/2020:21:19:04 +0000] "GET /css/forms.css HTTP/1.1" 200 454 "http://localhost:3000/admin/add-product" "Mozilla/5.0 (Windows NT 10.0; Win64; x64; rv:78.0) Gecko/20100101 Firefox/78.0"
::1 - - [01/Aug/2020:21:19:04 +0000] "GET /css/product.css HTTP/1.1" 200 379 "http://localhost:3000/admin/add-product" "Mozilla/5.0 (Windows NT 10.0; Win64; x64; rv:78.0) Gecko/20100101 Firefox/78.0"
::1 - - [01/Aug/2020:21:19:04 +0000] "GET /js/main.js HTTP/1.1" 200 519 "http://localhost:3000/admin/add-product" "Mozilla/5.0 (Windows NT 10.0; Win64; x64; rv:78.0) Gecko/20100101 Firefox/78.0"
::1 - - [01/Aug/2020:21:19:05 +0000] "GET /favicon.ico HTTP/1.1" 404 - "-" "Mozilla/5.0 (Windows NT 10.0; Win64; x64; rv:78.0) Gecko/20100101 Firefox/78.0"
::1 - - [01/Aug/2020:21:19:15 +0000] "POST /admin/add-product HTTP/1.1" 302 74 "http://localhost:3000/admin/add-product" "Mozilla/5.0 (Windows NT 10.0; Win64; x64; rv:78.0) Gecko/20100101 Firefox/78.0"
::1 - - [01/Aug/2020:21:19:16 +0000] "GET /admin/products HTTP/1.1" 200 - "http://localhost:3000/admin/add-product" "Mozilla/5.0 (Windows NT 10.0; Win64; x64; rv:78.0) Gecko/20100101 Firefox/78.0"
::1 - - [01/Aug/2020:21:19:16 +0000] "GET /css/product.css HTTP/1.1" 200 379 "http://localhost:3000/admin/products" "Mozilla/5.0 (Windows NT 10.0; Win64; x64; rv:78.0) Gecko/20100101 Firefox/78.0"
::1 - - [01/Aug/2020:21:19:16 +0000] "GET /js/main.js HTTP/1.1" 200 519 "http://localhost:3000/admin/products" "Mozilla/5.0 (Windows NT 10.0; Win64; x64; rv:78.0) Gecko/20100101 Firefox/78.0"
::1 - - [01/Aug/2020:21:19:16 +0000] "GET /js/admin.js HTTP/1.1" 200 558 "http://localhost:3000/admin/products" "Mozilla/5.0 (Windows NT 10.0; Win64; x64; rv:78.0) Gecko/20100101 Firefox/78.0"
::1 - - [01/Aug/2020:21:19:16 +0000] "GET /css/main.css HTTP/1.1" 200 - "http://localhost:3000/admin/products" "Mozilla/5.0 (Windows NT 10.0; Win64; x64; rv:78.0) Gecko/20100101 Firefox/78.0"
::1 - - [01/Aug/2020:21:19:16 +0000] "GET /images/1596316755503-airpods_pro.jpg HTTP/1.1" 200 2859 "http://localhost:3000/admin/products" "Mozilla/5.0 (Windows NT 10.0; Win64; x64; rv:78.0) Gecko/20100101 Firefox/78.0"
::1 - - [01/Aug/2020:21:19:16 +0000] "GET /images/1596316699285-iphone11.jpg HTTP/1.1" 200 4496 "http://localhost:3000/admin/products" "Mozilla/5.0 (Windows NT 10.0; Win64; x64; rv:78.0) Gecko/20100101 Firefox/78.0"
::1 - - [01/Aug/2020:21:19:16 +0000] "GET /favicon.ico HTTP/1.1" 404 - "-" "Mozilla/5.0 (Windows NT 10.0; Win64; x64; rv:78.0) Gecko/20100101 Firefox/78.0"
::1 - - [01/Aug/2020:21:19:18 +0000] "GET /cart HTTP/1.1" 200 - "http://localhost:3000/admin/products" "Mozilla/5.0 (Windows NT 10.0; Win64; x64; rv:78.0) Gecko/20100101 Firefox/78.0"
::1 - - [01/Aug/2020:21:19:18 +0000] "GET /css/cart.css HTTP/1.1" 200 387 "http://localhost:3000/cart" "Mozilla/5.0 (Windows NT 10.0; Win64; x64; rv:78.0) Gecko/20100101 Firefox/78.0"
::1 - - [01/Aug/2020:21:19:18 +0000] "GET /js/main.js HTTP/1.1" 200 519 "http://localhost:3000/cart" "Mozilla/5.0 (Windows NT 10.0; Win64; x64; rv:78.0) Gecko/20100101 Firefox/78.0"
::1 - - [01/Aug/2020:21:19:18 +0000] "GET /css/main.css HTTP/1.1" 200 - "http://localhost:3000/cart" "Mozilla/5.0 (Windows NT 10.0; Win64; x64; rv:78.0) Gecko/20100101 Firefox/78.0"
::1 - - [01/Aug/2020:21:19:19 +0000] "GET /favicon.ico HTTP/1.1" 404 - "-" "Mozilla/5.0 (Windows NT 10.0; Win64; x64; rv:78.0) Gecko/20100101 Firefox/78.0"
::1 - - [01/Aug/2020:21:19:21 +0000] "POST /logout HTTP/1.1" 302 46 "http://localhost:3000/cart" "Mozilla/5.0 (Windows NT 10.0; Win64; x64; rv:78.0) Gecko/20100101 Firefox/78.0"
::1 - - [01/Aug/2020:21:19:22 +0000] "GET / HTTP/1.1" 200 - "http://localhost:3000/cart" "Mozilla/5.0 (Windows NT 10.0; Win64; x64; rv:78.0) Gecko/20100101 Firefox/78.0"
::1 - - [01/Aug/2020:21:19:22 +0000] "GET /css/product.css HTTP/1.1" 200 379 "http://localhost:3000/" "Mozilla/5.0 (Windows NT 10.0; Win64; x64; rv:78.0) Gecko/20100101 Firefox/78.0"
::1 - - [01/Aug/2020:21:19:22 +0000] "GET /css/main.css HTTP/1.1" 200 - "http://localhost:3000/" "Mozilla/5.0 (Windows NT 10.0; Win64; x64; rv:78.0) Gecko/20100101 Firefox/78.0"
::1 - - [01/Aug/2020:21:19:22 +0000] "GET /js/main.js HTTP/1.1" 200 519 "http://localhost:3000/" "Mozilla/5.0 (Windows NT 10.0; Win64; x64; rv:78.0) Gecko/20100101 Firefox/78.0"
::1 - - [01/Aug/2020:21:19:22 +0000] "GET /images/1596316556092-profile_pic.jpg HTTP/1.1" 200 130320 "http://localhost:3000/" "Mozilla/5.0 (Windows NT 10.0; Win64; x64; rv:78.0) Gecko/20100101 Firefox/78.0"
::1 - - [01/Aug/2020:21:19:22 +0000] "GET /images/1596316699285-iphone11.jpg HTTP/1.1" 200 4496 "http://localhost:3000/" "Mozilla/5.0 (Windows NT 10.0; Win64; x64; rv:78.0) Gecko/20100101 Firefox/78.0"
::1 - - [01/Aug/2020:21:19:22 +0000] "GET /favicon.ico HTTP/1.1" 404 - "-" "Mozilla/5.0 (Windows NT 10.0; Win64; x64; rv:78.0) Gecko/20100101 Firefox/78.0"
